<?xml version="1.0" encoding="utf-8"?><testsuites name="pytest tests"><testsuite name="pytest" errors="0" failures="0" skipped="0" tests="14" time="1.786" timestamp="2026-07-08T14:30:44.845721+00:00" hostname="agent-env-e6502ba9-2e49-44a4-a4cb-583dafa6383d"><testcase classname="backend.tests.test_iteration48_payroll_bas_bundles.TestPayrollCalculate" name="test_calculate_empty_period_returns_200_with_compliance" time="0.632" /><testcase classname="backend.tests.test_iteration48_payroll_bas_bundles.TestPayrollCommit" name="test_commit_persists_and_returns_ids" time="0.262" /><testcase classname="backend.tests.test_iteration48_payroll_bas_bundles.TestPayrollRegisterYTD" name="test_register_shape" time="0.055" /><testcase classname="backend.tests.test_iteration48_payroll_bas_bundles.TestPayrollRegisterYTD" name="test_ytd_shape" time="0.052" /><testcase classname="backend.tests.test_iteration48_payroll_bas_bundles.TestRosterCompliance" name="test_roster_compliance_shape" time="0.049" /><testcase classname="backend.tests.test_iteration48_payroll_bas_bundles.TestBasWorksheet" name="test_bas_worksheet_full_shape" time="0.055" /><testcase classname="backend.tests.test_iteration48_payroll_bas_bundles.TestWalletCredentials" name="test_status_get" time="0.054" /><testcase classname="backend.tests.test_iteration48_payroll_bas_bundles.TestWalletCredentials" name="test_post_updates_env" time="0.125" /><testcase classname="backend.tests.test_iteration48_payroll_bas_bundles.TestWalletCredentials" name="test_never_leaks_secrets" time="0.052" /><testcase classname="backend.tests.test_iteration48_payroll_bas_bundles.TestBundleSuggestions" name="test_shape" time="0.059" /><testcase classname="backend.tests.test_iteration48_payroll_bas_bundles.TestBundleSuggestions" name="test_low_min_support_returns_shape" time="0.049" /><testcase classname="backend.tests.test_iteration48_payroll_bas_bundles.TestPromotionsRegression" name="test_create_percentage_promo" time="0.075" /><testcase classname="backend.tests.test_iteration48_payroll_bas_bundles.TestPromotionsRegression" name="test_apply_promos_percentage_still_works" time="0.054" /><testcase classname="backend.tests.test_iteration48_payroll_bas_bundles.TestPromotionsRegression" name="test_cleanup_promo" time="0.063" /></testsuite></testsuites>