<?xml version="1.0" encoding="utf-8"?><testsuites name="pytest tests"><testsuite name="pytest" errors="0" failures="0" skipped="0" tests="9" time="1.732" timestamp="2026-07-07T07:58:01.626713+00:00" hostname="agent-env-e6502ba9-2e49-44a4-a4cb-583dafa6383d"><testcase classname="backend.tests.test_iteration46_finalize.TestMongoSafeRefactor" name="test_locations_list_still_ok" time="0.599" /><testcase classname="backend.tests.test_iteration46_finalize.TestMongoSafeRefactor" name="test_customers_list_still_ok" time="0.050" /><testcase classname="backend.tests.test_iteration46_finalize.TestApplePkpass" name="test_pkpass_returns_valid_zip" time="0.127" /><testcase classname="backend.tests.test_iteration46_finalize.TestGoogleWallet" name="test_google_wallet_link_shape" time="0.048" /><testcase classname="backend.tests.test_iteration46_finalize.TestMarketingAnalytics" name="test_analytics_shape" time="0.049" /><testcase classname="backend.tests.test_iteration46_finalize.TestChannelState" name="test_get_channel_state" time="0.048" /><testcase classname="backend.tests.test_iteration46_finalize.TestChannelState" name="test_pause_and_resume" time="0.196" /><testcase classname="backend.tests.test_iteration46_finalize.TestChannelState" name="test_invalid_action_400" time="0.047" /><testcase classname="backend.tests.test_iteration46_finalize.TestChannelState" name="test_rbac_forbidden_for_non_owner" time="0.450" /></testsuite></testsuites>