<?xml version="1.0" encoding="utf-8"?><testsuites name="pytest tests"><testsuite name="pytest" errors="0" failures="0" skipped="0" tests="16" time="24.778" timestamp="2026-07-10T01:18:38.181893+00:00" hostname="agent-env-e6502ba9-2e49-44a4-a4cb-583dafa6383d"><testcase classname="backend.tests.test_iteration54_ash_v3.TestToolCatalog" name="test_list_tools_returns_23" time="0.555" /><testcase classname="backend.tests.test_iteration54_ash_v3.TestToolCatalog" name="test_tool_shape" time="0.127" /><testcase classname="backend.tests.test_iteration54_ash_v3.TestToolCatalog" name="test_default_permission_matrix" time="0.120" /><testcase classname="backend.tests.test_iteration54_ash_v3.TestHealthScore" name="test_health_score_shape" time="0.138" /><testcase classname="backend.tests.test_iteration54_ash_v3.TestBriefing" name="test_briefing_returns" time="0.146" /><testcase classname="backend.tests.test_iteration54_ash_v3.TestBriefing" name="test_briefing_regenerate" time="4.729" /><testcase classname="backend.tests.test_iteration54_ash_v3.TestPermissions" name="test_invalid_permission_400" time="0.169" /><testcase classname="backend.tests.test_iteration54_ash_v3.TestPermissions" name="test_unknown_tool_404" time="0.111" /><testcase classname="backend.tests.test_iteration54_ash_v3.TestPermissions" name="test_set_disabled_then_blocked_execute" time="0.475" /><testcase classname="backend.tests.test_iteration54_ash_v3.TestManualExecute" name="test_auto_execute_fetch_insights" time="0.112" /><testcase classname="backend.tests.test_iteration54_ash_v3.TestManualExecute" name="test_approval_execute_create_po" time="0.116" /><testcase classname="backend.tests.test_iteration54_ash_v3.TestAgent" name="test_agent_simple_query" time="4.151" /><testcase classname="backend.tests.test_iteration54_ash_v3.TestAgent" name="test_agent_multi_turn_same_session" time="3.741" /><testcase classname="backend.tests.test_iteration54_ash_v3.TestAgent" name="test_agent_trace_endpoint" time="1.117" /><testcase classname="backend.tests.test_iteration54_ash_v3.TestAgent" name="test_agent_create_po_intent" time="8.653" /><testcase classname="backend.tests.test_iteration54_ash_v3.TestAgent" name="test_agent_missing_message_400" time="0.169" /></testsuite></testsuites>