<?xml version="1.0" encoding="utf-8"?><testsuites name="pytest tests"><testsuite name="pytest" errors="0" failures="0" skipped="0" tests="16" time="10.302" timestamp="2026-07-09T22:02:14.418820+00:00" hostname="agent-env-e6502ba9-2e49-44a4-a4cb-583dafa6383d"><testcase classname="tests.test_iteration52_foundational.TestAsh" name="test_capabilities_16" time="0.501" /><testcase classname="tests.test_iteration52_foundational.TestAsh" name="test_run_and_list_insights" time="0.116" /><testcase classname="tests.test_iteration52_foundational.TestAsh" name="test_weekly_summary" time="5.025" /><testcase classname="tests.test_iteration52_foundational.TestAsh" name="test_insights_summary_shape" time="0.056" /><testcase classname="tests.test_iteration52_foundational.TestAsh" name="test_dismiss_insight" time="0.156" /><testcase classname="tests.test_iteration52_foundational.TestApprovals" name="test_policy" time="0.055" /><testcase classname="tests.test_iteration52_foundational.TestApprovals" name="test_large_po_requires_approval_and_execute" time="0.227" /><testcase classname="tests.test_iteration52_foundational.TestApprovals" name="test_small_po_no_approval" time="0.113" /><testcase classname="tests.test_iteration52_foundational.TestApprovals" name="test_reject_flow" time="0.160" /><testcase classname="tests.test_iteration52_foundational.TestAudit" name="test_events_list_shape" time="0.062" /><testcase classname="tests.test_iteration52_foundational.TestAudit" name="test_transaction_creates_audit_event" time="1.224" /><testcase classname="tests.test_iteration52_foundational.TestAudit" name="test_summary_shape" time="0.056" /><testcase classname="tests.test_iteration52_foundational.TestAudit" name="test_customer_create_audit_and_history" time="2.212" /><testcase classname="tests.test_iteration52_foundational.TestAudit" name="test_product_soft_delete" time="0.165" /><testcase classname="tests.test_iteration52_foundational.TestHQ" name="test_kpi_rollup" time="0.063" /><testcase classname="tests.test_iteration52_foundational.TestHQ" name="test_leaderboard" time="0.050" /></testsuite></testsuites>