<?xml version="1.0" encoding="utf-8"?><testsuites name="pytest tests"><testsuite name="pytest" errors="0" failures="0" skipped="0" tests="21" time="3.330" timestamp="2026-07-02T02:34:12.719469+00:00" hostname="agent-env-e6502ba9-2e49-44a4-a4cb-583dafa6383d"><testcase classname="backend.tests.test_iteration43_batch.TestSuper" name="test_rate_after_2025_07_01_is_12" time="0.702" /><testcase classname="backend.tests.test_iteration43_batch.TestSuper" name="test_rate_default_payDate" time="0.074" /><testcase classname="backend.tests.test_iteration43_batch.TestSuper" name="test_calc_uses_tier_rate" time="0.073" /><testcase classname="backend.tests.test_iteration43_batch.TestSuper" name="test_calc_with_override" time="0.074" /><testcase classname="backend.tests.test_iteration43_batch.TestSuper" name="test_weekly_run_commit_and_list_and_paid" time="0.248" /><testcase classname="backend.tests.test_iteration43_batch.TestSuper" name="test_bas_line" time="0.074" /><testcase classname="backend.tests.test_iteration43_batch.TestSuper" name="test_summary_returns_4_quarters" time="0.073" /><testcase classname="backend.tests.test_iteration43_batch.TestTemperature" name="test_brands" time="0.075" /><testcase classname="backend.tests.test_iteration43_batch.TestTemperature" name="test_create_device_returns_secret" time="0.073" /><testcase classname="backend.tests.test_iteration43_batch.TestTemperature" name="test_list_devices_strips_secret" time="0.073" /><testcase classname="backend.tests.test_iteration43_batch.TestTemperature" name="test_ingest_wrong_secret_401" time="0.135" /><testcase classname="backend.tests.test_iteration43_batch.TestTemperature" name="test_ingest_correct_secret_persists" time="0.223" /><testcase classname="backend.tests.test_iteration43_batch.TestTemperature" name="test_manual_reading_and_abnormal_creates_alert" time="0.221" /><testcase classname="backend.tests.test_iteration43_batch.TestTemperature" name="test_weekly_report" time="0.075" /><testcase classname="backend.tests.test_iteration43_batch.TestTemperature" name="test_monthly_and_yearly_and_custom_report" time="0.219" /><testcase classname="backend.tests.test_iteration43_batch.TestTemperature" name="test_scan_missing" time="0.074" /><testcase classname="backend.tests.test_iteration43_batch.TestTemperature" name="test_rotate_secret" time="0.076" /><testcase classname="backend.tests.test_iteration43_batch.TestTemperature" name="test_delete_device" time="0.081" /><testcase classname="backend.tests.test_iteration43_batch.TestTableCourses" name="test_default_settings" time="0.075" /><testcase classname="backend.tests.test_iteration43_batch.TestTableCourses" name="test_update_settings_owner" time="0.146" /><testcase classname="backend.tests.test_iteration43_batch.TestTableCourses" name="test_seat_table_and_states" time="0.310" /></testsuite></testsuites>