<?xml version="1.0" encoding="utf-8"?><testsuites name="pytest tests"><testsuite name="pytest" errors="0" failures="0" skipped="0" tests="24" time="7.031" timestamp="2026-07-09T14:16:04.714232+00:00" hostname="agent-env-e6502ba9-2e49-44a4-a4cb-583dafa6383d"><testcase classname="backend.tests.test_iteration49_commerce_v29.TestVouchers" name="test_issue_amount_voucher" time="0.461" /><testcase classname="backend.tests.test_iteration49_commerce_v29.TestVouchers" name="test_bulk_issue" time="0.121" /><testcase classname="backend.tests.test_iteration49_commerce_v29.TestVouchers" name="test_list_vouchers" time="0.105" /><testcase classname="backend.tests.test_iteration49_commerce_v29.TestVouchers" name="test_lookup_code" time="0.110" /><testcase classname="backend.tests.test_iteration49_commerce_v29.TestVouchers" name="test_validate_by_code" time="0.112" /><testcase classname="backend.tests.test_iteration49_commerce_v29.TestVouchers" name="test_validate_by_token" time="0.116" /><testcase classname="backend.tests.test_iteration49_commerce_v29.TestVouchers" name="test_redeem_transitions_partial" time="0.104" /><testcase classname="backend.tests.test_iteration49_commerce_v29.TestVouchers" name="test_redeem_duplicate_guard" time="0.118" /><testcase classname="backend.tests.test_iteration49_commerce_v29.TestVouchers" name="test_redeem_to_full" time="0.111" /><testcase classname="backend.tests.test_iteration49_commerce_v29.TestVouchers" name="test_redeem_after_full_rejected" time="0.123" /><testcase classname="backend.tests.test_iteration49_commerce_v29.TestVouchers" name="test_revoke_voucher" time="0.272" /><testcase classname="backend.tests.test_iteration49_commerce_v29.TestWallet" name="test_get_wallet_structure" time="0.113" /><testcase classname="backend.tests.test_iteration49_commerce_v29.TestWallet" name="test_credit_and_debit_wallet" time="0.166" /><testcase classname="backend.tests.test_iteration49_commerce_v29.TestWallet" name="test_debit_insufficient_balance" time="0.107" /><testcase classname="backend.tests.test_iteration49_commerce_v29.TestWallet" name="test_timeline" time="0.110" /><testcase classname="backend.tests.test_iteration49_commerce_v29.TestRefunds" name="test_flexible_refund_splits" time="0.109" /><testcase classname="backend.tests.test_iteration49_commerce_v29.TestRefunds" name="test_split_sum_mismatch_rejected" time="0.110" /><testcase classname="backend.tests.test_iteration49_commerce_v29.TestAIPromoBuilder" name="test_promotion_goal" time="3.671" /><testcase classname="backend.tests.test_iteration49_commerce_v29.TestAIPromoBuilder" name="test_empty_goal_rejected" time="0.127" /><testcase classname="backend.tests.test_iteration49_commerce_v29.TestLoyalty" name="test_loyalty_status" time="0.112" /><testcase classname="backend.tests.test_iteration49_commerce_v29.TestPersonalisation" name="test_personalisation" time="0.125" /><testcase classname="backend.tests.test_iteration49_commerce_v29.TestGiftCards" name="test_schedule_and_reload" time="0.212" /><testcase classname="backend.tests.test_iteration49_commerce_v29.TestPromoAnalytics" name="test_summary" time="0.134" /><testcase classname="backend.tests.test_iteration49_commerce_v29.TestRegression" name="test_legacy_gift_card_endpoint" time="0.101" /></testsuite></testsuites>