<?xml version="1.0" encoding="utf-8"?><testsuites name="pytest tests"><testsuite name="pytest" errors="0" failures="0" skipped="0" tests="8" time="1.768" timestamp="2026-07-08T05:06:24.426069+00:00" hostname="agent-env-e6502ba9-2e49-44a4-a4cb-583dafa6383d"><testcase classname="backend.tests.test_iteration47_promotions.TestCreatePromotion" name="test_create_fixed_price_bundle_full_shape" time="0.753" /><testcase classname="backend.tests.test_iteration47_promotions.TestCreatePromotion" name="test_create_percentage_promo_still_ok" time="0.044" /><testcase classname="backend.tests.test_iteration47_promotions.TestUpdatePromotion" name="test_partial_update_persists_all_new_fields" time="0.166" /><testcase classname="backend.tests.test_iteration47_promotions.TestListPromotions" name="test_list_returns_new_fields_no_500_on_legacy" time="0.052" /><testcase classname="backend.tests.test_iteration47_promotions.TestApplyPromosToCart" name="test_fixed_price_bundle_returns_correct_shape" time="0.088" /><testcase classname="backend.tests.test_iteration47_promotions.TestApplyPromosToCart" name="test_percentage_promo_still_fires" time="0.086" /><testcase classname="backend.tests.test_iteration47_promotions.TestApplyPromosToCart" name="test_categories_or_products_match" time="0.085" /><testcase classname="backend.tests.test_iteration47_promotions.TestApplyPromosToCart" name="test_min_quantity_gate_blocks_when_below_threshold" time="0.420" /></testsuite></testsuites>