<?xml version="1.0" encoding="utf-8"?><testsuites name="pytest tests"><testsuite name="pytest" errors="0" failures="4" skipped="0" tests="24" time="10.656" timestamp="2026-07-09T14:07:06.703039+00:00" hostname="agent-env-e6502ba9-2e49-44a4-a4cb-583dafa6383d"><testcase classname="backend.tests.test_iteration49_commerce_v29.TestVouchers" name="test_issue_amount_voucher" time="0.779" /><testcase classname="backend.tests.test_iteration49_commerce_v29.TestVouchers" name="test_bulk_issue" time="0.132" /><testcase classname="backend.tests.test_iteration49_commerce_v29.TestVouchers" name="test_list_vouchers" time="0.146" /><testcase classname="backend.tests.test_iteration49_commerce_v29.TestVouchers" name="test_lookup_code" time="0.114" /><testcase classname="backend.tests.test_iteration49_commerce_v29.TestVouchers" name="test_validate_by_code" time="0.110" /><testcase classname="backend.tests.test_iteration49_commerce_v29.TestVouchers" name="test_validate_by_token" time="0.121" /><testcase classname="backend.tests.test_iteration49_commerce_v29.TestVouchers" name="test_redeem_transitions_partial" time="0.135" /><testcase classname="backend.tests.test_iteration49_commerce_v29.TestVouchers" name="test_redeem_duplicate_guard" time="0.112"><failure message="AssertionError: Expected 409 on duplicate, got 400 {&quot;detail&quot;:&quot;Voucher has reached max redemptions&quot;}&#10;assert 400 == 409&#10; +  where 400 = &lt;Response [400]&gt;.status_code">backend/tests/test_iteration49_commerce_v29.py:129: in test_redeem_duplicate_guard
    assert r.status_code == 409, f"Expected 409 on duplicate, got {r.status_code} {r.text}"
E   AssertionError: Expected 409 on duplicate, got 400 {"detail":"Voucher has reached max redemptions"}
E   assert 400 == 409
E    +  where 400 = &lt;Response [400]&gt;.status_code</failure></testcase><testcase classname="backend.tests.test_iteration49_commerce_v29.TestVouchers" name="test_redeem_to_full" time="0.104"><failure message="AssertionError: {&quot;detail&quot;:&quot;Voucher has reached max redemptions&quot;}&#10;assert 400 == 200&#10; +  where 400 = &lt;Response [400]&gt;.status_code">backend/tests/test_iteration49_commerce_v29.py:138: in test_redeem_to_full
    assert r.status_code == 200, r.text
E   AssertionError: {"detail":"Voucher has reached max redemptions"}
E   assert 400 == 200
E    +  where 400 = &lt;Response [400]&gt;.status_code</failure></testcase><testcase classname="backend.tests.test_iteration49_commerce_v29.TestVouchers" name="test_redeem_after_full_rejected" time="0.107"><failure message="assert ('redeemed' in '{&quot;detail&quot;:&quot;voucher has reached max redemptions&quot;}' or 'residual' in '{&quot;detail&quot;:&quot;voucher has reached max redemptions&quot;}')&#10; +  where '{&quot;detail&quot;:&quot;voucher has reached max redemptions&quot;}' = &lt;built-in method lower of str object at 0xf9e2f735a170&gt;()&#10; +    where &lt;built-in method lower of str object at 0xf9e2f735a170&gt; = '{&quot;detail&quot;:&quot;Voucher has reached max redemptions&quot;}'.lower&#10; +      where '{&quot;detail&quot;:&quot;Voucher has reached max redemptions&quot;}' = &lt;Response [400]&gt;.text&#10; +  and   '{&quot;detail&quot;:&quot;voucher has reached max redemptions&quot;}' = &lt;built-in method lower of str object at 0xf9e2f735a1e0&gt;()&#10; +    where &lt;built-in method lower of str object at 0xf9e2f735a1e0&gt; = '{&quot;detail&quot;:&quot;Voucher has reached max redemptions&quot;}'.lower&#10; +      where '{&quot;detail&quot;:&quot;Voucher has reached max redemptions&quot;}' = &lt;Response [400]&gt;.text">backend/tests/test_iteration49_commerce_v29.py:150: in test_redeem_after_full_rejected
    assert "redeemed" in r.text.lower() or "residual" in r.text.lower()
E   assert ('redeemed' in '{"detail":"voucher has reached max redemptions"}' or 'residual' in '{"detail":"voucher has reached max redemptions"}')
E    +  where '{"detail":"voucher has reached max redemptions"}' = &lt;built-in method lower of str object at 0xf9e2f735a170&gt;()
E    +    where &lt;built-in method lower of str object at 0xf9e2f735a170&gt; = '{"detail":"Voucher has reached max redemptions"}'.lower
E    +      where '{"detail":"Voucher has reached max redemptions"}' = &lt;Response [400]&gt;.text
E    +  and   '{"detail":"voucher has reached max redemptions"}' = &lt;built-in method lower of str object at 0xf9e2f735a1e0&gt;()
E    +    where &lt;built-in method lower of str object at 0xf9e2f735a1e0&gt; = '{"detail":"Voucher has reached max redemptions"}'.lower
E    +      where '{"detail":"Voucher has reached max redemptions"}' = &lt;Response [400]&gt;.text</failure></testcase><testcase classname="backend.tests.test_iteration49_commerce_v29.TestVouchers" name="test_revoke_voucher" time="0.258" /><testcase classname="backend.tests.test_iteration49_commerce_v29.TestWallet" name="test_get_wallet_structure" time="0.113" /><testcase classname="backend.tests.test_iteration49_commerce_v29.TestWallet" name="test_credit_and_debit_wallet" time="0.167" /><testcase classname="backend.tests.test_iteration49_commerce_v29.TestWallet" name="test_debit_insufficient_balance" time="0.165" /><testcase classname="backend.tests.test_iteration49_commerce_v29.TestWallet" name="test_timeline" time="0.113" /><testcase classname="backend.tests.test_iteration49_commerce_v29.TestRefunds" name="test_flexible_refund_splits" time="0.113" /><testcase classname="backend.tests.test_iteration49_commerce_v29.TestRefunds" name="test_split_sum_mismatch_rejected" time="0.106" /><testcase classname="backend.tests.test_iteration49_commerce_v29.TestAIPromoBuilder" name="test_promotion_goal" time="6.499" /><testcase classname="backend.tests.test_iteration49_commerce_v29.TestAIPromoBuilder" name="test_empty_goal_rejected" time="0.131" /><testcase classname="backend.tests.test_iteration49_commerce_v29.TestLoyalty" name="test_loyalty_status" time="0.121" /><testcase classname="backend.tests.test_iteration49_commerce_v29.TestPersonalisation" name="test_personalisation" time="0.127" /><testcase classname="backend.tests.test_iteration49_commerce_v29.TestGiftCards" name="test_schedule_and_reload" time="0.217" /><testcase classname="backend.tests.test_iteration49_commerce_v29.TestPromoAnalytics" name="test_summary" time="0.113" /><testcase classname="backend.tests.test_iteration49_commerce_v29.TestRegression" name="test_legacy_gift_card_endpoint" time="0.192"><failure message="AssertionError: Legacy /api/gift-cards list broken: 500 Internal Server Error&#10;assert 500 == 200&#10; +  where 500 = &lt;Response [500]&gt;.status_code">backend/tests/test_iteration49_commerce_v29.py:386: in test_legacy_gift_card_endpoint
    assert r.status_code == 200, f"Legacy /api/gift-cards list broken: {r.status_code} {r.text}"
E   AssertionError: Legacy /api/gift-cards list broken: 500 Internal Server Error
E   assert 500 == 200
E    +  where 500 = &lt;Response [500]&gt;.status_code</failure></testcase></testsuite></testsuites>