<?xml version="1.0" encoding="utf-8"?><testsuites name="pytest tests"><testsuite name="pytest" errors="0" failures="0" skipped="0" tests="22" time="11.380" timestamp="2026-07-09T21:38:05.867231+00:00" hostname="agent-env-e6502ba9-2e49-44a4-a4cb-583dafa6383d"><testcase classname="backend.tests.test_iteration51_finance_rules.TestChartOfAccounts" name="test_accounts_list" time="0.716" /><testcase classname="backend.tests.test_iteration51_finance_rules.TestChartOfAccounts" name="test_seed_is_idempotent" time="0.108" /><testcase classname="backend.tests.test_iteration51_finance_rules.TestJournals" name="test_balanced_journal_succeeds" time="0.157" /><testcase classname="backend.tests.test_iteration51_finance_rules.TestJournals" name="test_unbalanced_journal_rejected" time="0.107" /><testcase classname="backend.tests.test_iteration51_finance_rules.TestReports" name="test_trial_balance_balanced" time="0.116" /><testcase classname="backend.tests.test_iteration51_finance_rules.TestReports" name="test_balance_sheet_balanced" time="0.115" /><testcase classname="backend.tests.test_iteration51_finance_rules.TestReports" name="test_cash_flow_structure" time="0.111" /><testcase classname="backend.tests.test_iteration51_finance_rules.TestReports" name="test_general_ledger_cash_account" time="0.116" /><testcase classname="backend.tests.test_iteration51_finance_rules.TestReports" name="test_profit_loss" time="0.115" /><testcase classname="backend.tests.test_iteration51_finance_rules.TestPOSAutoPost" name="test_pos_sale_creates_journal" time="1.269" /><testcase classname="backend.tests.test_iteration51_finance_rules.TestPOSAutoPost" name="test_refund_reversing_journal" time="1.216" /><testcase classname="backend.tests.test_iteration51_finance_rules.TestBillsAndInvoices" name="test_bill_create_and_pay" time="0.188" /><testcase classname="backend.tests.test_iteration51_finance_rules.TestBillsAndInvoices" name="test_invoice_create_and_receive" time="0.386" /><testcase classname="backend.tests.test_iteration51_finance_rules.TestBankRec" name="test_bank_import_idempotent" time="0.165" /><testcase classname="backend.tests.test_iteration51_finance_rules.TestBankRec" name="test_bank_statement_with_suggestions" time="0.124" /><testcase classname="backend.tests.test_iteration51_finance_rules.TestKPIs" name="test_kpis_shape" time="0.137" /><testcase classname="backend.tests.test_iteration51_finance_rules.TestRulesCatalog" name="test_catalog_counts" time="0.118" /><testcase classname="backend.tests.test_iteration51_finance_rules.TestRulesCRUD" name="test_full_crud_and_toggle" time="0.401" /><testcase classname="backend.tests.test_iteration51_finance_rules.TestRulesEmit" name="test_emit_fires_matching_rule" time="0.253" /><testcase classname="backend.tests.test_iteration51_finance_rules.TestRulesAIBuilder" name="test_ai_build_returns_valid_spec" time="5.055" /><testcase classname="backend.tests.test_iteration51_finance_rules.TestRulesStatsHistory" name="test_stats_shape" time="0.127" /><testcase classname="backend.tests.test_iteration51_finance_rules.TestRulesStatsHistory" name="test_history_endpoints" time="0.154" /></testsuite></testsuites>