<?xml version="1.0" encoding="utf-8"?><testsuites name="pytest tests"><testsuite name="pytest" errors="0" failures="0" skipped="0" tests="42" time="41.155" timestamp="2026-06-20T05:48:49.391657+00:00" hostname="agent-env-e6502ba9-2e49-44a4-a4cb-583dafa6383d"><testcase classname="tests.test_iteration_p0_auth_refactor.TestAuthPrecedence" name="test_anon_returns_401_not_422[/products/bulk-edit]" time="30.167" /><testcase classname="tests.test_iteration_p0_auth_refactor.TestAuthPrecedence" name="test_anon_returns_401_not_422[/modifiers]" time="0.152" /><testcase classname="tests.test_iteration_p0_auth_refactor.TestAuthPrecedence" name="test_anon_returns_401_not_422[/categories]" time="0.093" /><testcase classname="tests.test_iteration_p0_auth_refactor.TestAuthPrecedence" name="test_anon_returns_401_not_422[/discounts]" time="0.104" /><testcase classname="tests.test_iteration_p0_auth_refactor.TestAuthPrecedence" name="test_anon_returns_401_not_422[/comp-void]" time="0.111" /><testcase classname="tests.test_iteration_p0_auth_refactor.TestAuthPrecedence" name="test_anon_returns_401_not_422[/payment-links]" time="0.111" /><testcase classname="tests.test_iteration_p0_auth_refactor.TestAuthPrecedence" name="test_anon_returns_401_not_422[/product-images]" time="0.100" /><testcase classname="tests.test_iteration_p0_auth_refactor.TestAuthPrecedence" name="test_anon_returns_401_not_422[/channel-menus/website/patch]" time="0.096" /><testcase classname="tests.test_iteration_p0_auth_refactor.TestAuthPrecedence" name="test_anon_returns_401_not_422[/channel-menus/website/bulk-price]" time="0.110" /><testcase classname="tests.test_iteration_p0_auth_refactor.TestAuthPrecedence" name="test_anon_returns_401_not_422[/channel-menus/website/ai-prep-times]" time="0.100" /><testcase classname="tests.test_iteration_p0_auth_refactor.TestAuthPrecedence" name="test_anon_returns_401_not_422[/channel-menus/website/ai-discount-slow]" time="0.124" /><testcase classname="tests.test_iteration_p0_auth_refactor.TestAuthPrecedence" name="test_anon_returns_401_not_422[/seed/catalog]" time="0.108" /><testcase classname="tests.test_iteration_p0_auth_refactor.TestAuthPrecedence" name="test_cashier_returns_403_not_422[/products/bulk-edit]" time="0.485" /><testcase classname="tests.test_iteration_p0_auth_refactor.TestAuthPrecedence" name="test_cashier_returns_403_not_422[/modifiers]" time="0.114" /><testcase classname="tests.test_iteration_p0_auth_refactor.TestAuthPrecedence" name="test_cashier_returns_403_not_422[/categories]" time="0.110" /><testcase classname="tests.test_iteration_p0_auth_refactor.TestAuthPrecedence" name="test_cashier_returns_403_not_422[/discounts]" time="0.101" /><testcase classname="tests.test_iteration_p0_auth_refactor.TestAuthPrecedence" name="test_cashier_returns_403_not_422[/comp-void]" time="0.108" /><testcase classname="tests.test_iteration_p0_auth_refactor.TestAuthPrecedence" name="test_cashier_returns_403_not_422[/payment-links]" time="0.111" /><testcase classname="tests.test_iteration_p0_auth_refactor.TestAuthPrecedence" name="test_cashier_returns_403_not_422[/product-images]" time="0.100" /><testcase classname="tests.test_iteration_p0_auth_refactor.TestAuthPrecedence" name="test_cashier_returns_403_not_422[/channel-menus/website/patch]" time="0.113" /><testcase classname="tests.test_iteration_p0_auth_refactor.TestAuthPrecedence" name="test_cashier_returns_403_not_422[/channel-menus/website/bulk-price]" time="0.101" /><testcase classname="tests.test_iteration_p0_auth_refactor.TestAuthPrecedence" name="test_cashier_returns_403_not_422[/channel-menus/website/ai-prep-times]" time="0.101" /><testcase classname="tests.test_iteration_p0_auth_refactor.TestAuthPrecedence" name="test_cashier_returns_403_not_422[/channel-menus/website/ai-discount-slow]" time="0.100" /><testcase classname="tests.test_iteration_p0_auth_refactor.TestAuthPrecedence" name="test_cashier_returns_403_not_422[/seed/catalog]" time="0.099" /><testcase classname="tests.test_iteration_p0_auth_refactor.TestProductsBulkEdit" name="test_bulk_edit_price_delta" time="0.526" /><testcase classname="tests.test_iteration_p0_auth_refactor.TestModifiersCRUD" name="test_create_update_delete" time="0.294" /><testcase classname="tests.test_iteration_p0_auth_refactor.TestProductImages" name="test_upload_list_delete" time="0.323" /><testcase classname="tests.test_iteration_p0_auth_refactor.TestChannelMenus" name="test_channels_list" time="0.099" /><testcase classname="tests.test_iteration_p0_auth_refactor.TestChannelMenus" name="test_website_listing" time="0.123" /><testcase classname="tests.test_iteration_p0_auth_refactor.TestChannelMenus" name="test_patch_and_bulk_and_delete" time="0.512" /><testcase classname="tests.test_iteration_p0_auth_refactor.TestAIChannelMenu" name="test_ai_prep_times" time="0.181" /><testcase classname="tests.test_iteration_p0_auth_refactor.TestAIChannelMenu" name="test_ai_discount_slow" time="0.101" /><testcase classname="tests.test_iteration_p0_auth_refactor.TestReservationsAI" name="test_create_assign_seat_complete" time="0.436" /><testcase classname="tests.test_iteration_p0_auth_refactor.TestFairWorkAwards" name="test_catalogue" time="0.102" /><testcase classname="tests.test_iteration_p0_auth_refactor.TestFairWorkAwards" name="test_install_and_list" time="0.194" /><testcase classname="tests.test_iteration_p0_auth_refactor.TestFairWorkAwards" name="test_sync_fairwork" time="0.964" /><testcase classname="tests.test_iteration_p0_auth_refactor.TestFairWorkAwards" name="test_super_by_award" time="0.095" /><testcase classname="tests.test_iteration_p0_auth_refactor.TestBookingsInbox" name="test_ingest_list_ack_to_reservation" time="3.522" /><testcase classname="tests.test_iteration_p0_auth_refactor.TestRegression" name="test_products_list" time="0.126" /><testcase classname="tests.test_iteration_p0_auth_refactor.TestRegression" name="test_create_product" time="0.212" /><testcase classname="tests.test_iteration_p0_auth_refactor.TestRegression" name="test_create_transaction" time="0.100" /><testcase classname="tests.test_iteration_p0_auth_refactor.TestRegression" name="test_create_customer" time="0.094" /></testsuite></testsuites>