<?xml version="1.0" encoding="utf-8"?><testsuites name="pytest tests"><testsuite name="pytest" errors="0" failures="0" skipped="0" tests="22" time="6.224" timestamp="2026-07-04T02:15:18.876410+00:00" hostname="agent-env-e6502ba9-2e49-44a4-a4cb-583dafa6383d"><testcase classname="backend.tests.test_iteration44_finalize.TestPrintRouting" name="test_get_config_returns_array_routes" time="0.529" /><testcase classname="backend.tests.test_iteration44_finalize.TestPrintRouting" name="test_save_rejects_bad_shape" time="0.105" /><testcase classname="backend.tests.test_iteration44_finalize.TestPreShift" name="test_briefing_shape" time="0.108" /><testcase classname="backend.tests.test_iteration44_finalize.TestBookingDayRules" name="test_returns_seven_rows" time="0.114" /><testcase classname="backend.tests.test_iteration44_finalize.TestBookingDayRules" name="test_put_updates_row" time="0.205" /><testcase classname="backend.tests.test_iteration44_finalize.TestMarketing" name="test_promo_qr_signed" time="0.121" /><testcase classname="backend.tests.test_iteration44_finalize.TestMarketing" name="test_promo_qr_bad_type" time="0.136" /><testcase classname="backend.tests.test_iteration44_finalize.TestMarketing" name="test_scan_public_and_analytics" time="0.234" /><testcase classname="backend.tests.test_iteration44_finalize.TestChannelState" name="test_upsert_and_list" time="0.208" /><testcase classname="backend.tests.test_iteration44_finalize.TestChannelState" name="test_bad_action" time="0.105" /><testcase classname="backend.tests.test_iteration44_finalize.TestCustomerWallet" name="test_wallet_shape" time="0.221" /><testcase classname="backend.tests.test_iteration44_finalize.TestCustomerWallet" name="test_lookup_bad_token" time="0.122" /><testcase classname="backend.tests.test_iteration44_finalize.TestCustomerWallet" name="test_lookup_valid_token_roundtrip" time="0.220" /><testcase classname="backend.tests.test_iteration44_finalize.TestPdfExports" name="test_low_stock_pdf" time="0.104" /><testcase classname="backend.tests.test_iteration44_finalize.TestPdfExports" name="test_ai_pantry_pdf" time="0.105" /><testcase classname="backend.tests.test_iteration44_finalize.TestAutomationTriggers" name="test_crud" time="0.566" /><testcase classname="backend.tests.test_iteration44_finalize.TestAutomationTriggers" name="test_ai_suggest_fallback" time="1.620" /><testcase classname="backend.tests.test_iteration44_finalize.TestLocationsExtended" name="test_extended_put" time="0.338" /><testcase classname="backend.tests.test_iteration44_finalize.TestLocationsExtended" name="test_gmb_sync_without_place_id" time="0.229" /><testcase classname="backend.tests.test_iteration44_finalize.TestLocationsExtended" name="test_gmb_sync_missing_location" time="0.101" /><testcase classname="backend.tests.test_iteration44_finalize.TestLocationsExtended" name="test_gmb_sync_with_place_id" time="0.224" /><testcase classname="backend.tests.test_iteration44_finalize.TestPosTabsPersistTable" name="test_create_tab_persists_table" time="0.404" /></testsuite></testsuites>