<?xml version="1.0" encoding="utf-8"?><testsuites name="pytest tests"><testsuite name="pytest" errors="0" failures="0" skipped="0" tests="9" time="34.073" timestamp="2026-07-09T23:29:42.380426+00:00" hostname="agent-env-e6502ba9-2e49-44a4-a4cb-583dafa6383d"><testcase classname="backend.tests.test_iteration53_scheduler_chat.TestAshScheduler" name="test_scheduler_status" time="0.632" /><testcase classname="backend.tests.test_iteration53_scheduler_chat.TestAshScheduler" name="test_force_digest_now" time="4.638" /><testcase classname="backend.tests.test_iteration53_scheduler_chat.TestAshScheduler" name="test_force_digest_idempotent" time="5.743" /><testcase classname="backend.tests.test_iteration53_scheduler_chat.TestAshScheduler" name="test_scheduler_status_reflects_last_digest" time="2.955" /><testcase classname="backend.tests.test_iteration53_scheduler_chat.TestAshChat" name="test_chat_new_session" time="1.263" /><testcase classname="backend.tests.test_iteration53_scheduler_chat.TestAshChat" name="test_chat_session_persists" time="7.491" /><testcase classname="backend.tests.test_iteration53_scheduler_chat.TestAshChat" name="test_chat_empty_message_400" time="0.229" /><testcase classname="backend.tests.test_iteration53_scheduler_chat.TestAshChat" name="test_chat_history" time="9.061" /><testcase classname="backend.tests.test_iteration53_scheduler_chat.TestAshChat" name="test_chat_grounding_next_action" time="1.946" /></testsuite></testsuites>