<?xml version="1.0" encoding="utf-8"?><testsuites name="pytest tests"><testsuite name="pytest" errors="0" failures="0" skipped="0" tests="32" time="90.737" timestamp="2026-07-10T01:59:36.971041+00:00" hostname="agent-env-e6502ba9-2e49-44a4-a4cb-583dafa6383d"><testcase classname="backend.tests.test_iteration55_p0_p2.TestAshPersonas" name="test_list_personas_returns_six" time="0.639" /><testcase classname="backend.tests.test_iteration55_p0_p2.TestAshPersonas" name="test_finance_agent_reply_no_raw_json" time="17.893" /><testcase classname="backend.tests.test_iteration55_p0_p2.TestAshPersonas" name="test_hr_persona_refuses_inventory_query" time="4.048" /><testcase classname="backend.tests.test_iteration55_p0_p2.TestAshPlanner" name="test_generate_plan" time="12.080" /><testcase classname="backend.tests.test_iteration55_p0_p2.TestAshPlanner" name="test_list_plans" time="0.058" /><testcase classname="backend.tests.test_iteration55_p0_p2.TestAshPlanner" name="test_get_single_plan" time="0.061" /><testcase classname="backend.tests.test_iteration55_p0_p2.TestAshPlanner" name="test_simulate_plan" time="9.624" /><testcase classname="backend.tests.test_iteration55_p0_p2.TestAshPlanner" name="test_reject_step_zero_then_recreate" time="8.463" /><testcase classname="backend.tests.test_iteration55_p0_p2.TestAshPlanner" name="test_reject_whole_plan" time="11.318" /><testcase classname="backend.tests.test_iteration55_p0_p2.TestAshPlanner" name="test_approve_read_only_step" time="11.835" /><testcase classname="backend.tests.test_iteration55_p0_p2.TestAshPlanner" name="test_approve_write_step_enqueues_approval" time="10.800" /><testcase classname="backend.tests.test_iteration55_p0_p2.TestAshToolsExtras" name="test_remember_recall_tools_in_catalog" time="0.058" /><testcase classname="backend.tests.test_iteration55_p0_p2.TestAshToolsExtras" name="test_permission_set_and_read_back" time="0.175" /><testcase classname="backend.tests.test_iteration55_p0_p2.TestAshMemory" name="test_create_memory" time="0.060" /><testcase classname="backend.tests.test_iteration55_p0_p2.TestAshMemory" name="test_list_memory" time="0.057" /><testcase classname="backend.tests.test_iteration55_p0_p2.TestAshMemory" name="test_scope_counts" time="0.069" /><testcase classname="backend.tests.test_iteration55_p0_p2.TestAshMemory" name="test_reinforce_same_text_bumps_confidence" time="0.182" /><testcase classname="backend.tests.test_iteration55_p0_p2.TestAshMemory" name="test_delete_memory" time="0.119" /><testcase classname="backend.tests.test_iteration55_p0_p2.TestLoyaltyV2" name="test_badges_seeded" time="0.068" /><testcase classname="backend.tests.test_iteration55_p0_p2.TestLoyaltyV2" name="test_milestones_seeded" time="0.059" /><testcase classname="backend.tests.test_iteration55_p0_p2.TestLoyaltyV2" name="test_evaluate_customer_idempotent" time="0.137" /><testcase classname="backend.tests.test_iteration55_p0_p2.TestLoyaltyV2" name="test_customer_progress_shape" time="0.060" /><testcase classname="backend.tests.test_iteration55_p0_p2.TestLoyaltyV2" name="test_challenge_crud" time="0.190" /><testcase classname="backend.tests.test_iteration55_p0_p2.TestRegression" name="test_ash_insights" time="0.060" /><testcase classname="backend.tests.test_iteration55_p0_p2.TestRegression" name="test_ash_health_score" time="0.082" /><testcase classname="backend.tests.test_iteration55_p0_p2.TestRegression" name="test_ash_briefing" time="0.059" /><testcase classname="backend.tests.test_iteration55_p0_p2.TestRegression" name="test_ash_chat_still_works" time="2.083" /><testcase classname="backend.tests.test_iteration55_p0_p2.TestRegression" name="test_ash_tools_full" time="0.058" /><testcase classname="backend.tests.test_iteration55_p0_p2.TestRegression" name="test_approvals_pending" time="0.060" /><testcase classname="backend.tests.test_iteration55_p0_p2.TestRegression" name="test_finance_dashboard" time="0.075" /><testcase classname="backend.tests.test_iteration55_p0_p2.TestRegression" name="test_audit_events" time="0.069" /><testcase classname="backend.tests.test_iteration55_p0_p2.TestRegression" name="test_hq" time="0.061" /></testsuite></testsuites>