<?xml version="1.0" encoding="utf-8"?><testsuites name="pytest tests"><testsuite name="pytest" errors="0" failures="0" skipped="0" tests="20" time="9.358" timestamp="2026-07-20T22:57:42.222413+00:00" hostname="agent-env-e6502ba9-2e49-44a4-a4cb-583dafa6383d"><testcase classname="backend.tests.test_iteration56_nua_channels.TestNuaNativeRoutes" name="test_tools" time="0.505" /><testcase classname="backend.tests.test_iteration56_nua_channels.TestNuaNativeRoutes" name="test_personas" time="0.057" /><testcase classname="backend.tests.test_iteration56_nua_channels.TestNuaNativeRoutes" name="test_briefing" time="0.060" /><testcase classname="backend.tests.test_iteration56_nua_channels.TestNuaNativeRoutes" name="test_health_score" time="0.063" /><testcase classname="backend.tests.test_iteration56_nua_channels.TestNuaNativeRoutes" name="test_scheduler_status" time="0.056" /><testcase classname="backend.tests.test_iteration56_nua_channels.TestNuaNativeRoutes" name="test_agent_post" time="6.739" /><testcase classname="backend.tests.test_iteration56_nua_channels.TestAshAlias" name="test_alias_tools" time="0.061" /><testcase classname="backend.tests.test_iteration56_nua_channels.TestAshAlias" name="test_alias_personas" time="0.062" /><testcase classname="backend.tests.test_iteration56_nua_channels.TestAshAlias" name="test_alias_briefing" time="0.063" /><testcase classname="backend.tests.test_iteration56_nua_channels.TestAshAlias" name="test_alias_health_score" time="0.068" /><testcase classname="backend.tests.test_iteration56_nua_channels.TestChannelSchedule" name="test_get_default_schedule" time="0.069" /><testcase classname="backend.tests.test_iteration56_nua_channels.TestChannelSchedule" name="test_save_simple_schedule_and_persist" time="0.113" /><testcase classname="backend.tests.test_iteration56_nua_channels.TestChannelSchedule" name="test_save_weekly_schedule_with_overrides" time="0.113" /><testcase classname="backend.tests.test_iteration56_nua_channels.TestChannelSchedule" name="test_cashier_forbidden" time="0.427" /><testcase classname="backend.tests.test_iteration56_nua_channels.TestChannelSchedule" name="test_invalid_mode_rejected" time="0.059" /><testcase classname="backend.tests.test_iteration56_nua_channels.TestChannelEffectiveStatus" name="test_effective_status_shape" time="0.208" /><testcase classname="backend.tests.test_iteration56_nua_channels.TestChannelEffectiveStatus" name="test_effective_status_closed_when_outside_hours" time="0.170" /><testcase classname="backend.tests.test_iteration56_nua_channels.TestChannelPauseResume" name="test_pause_and_resume" time="0.214" /><testcase classname="backend.tests.test_iteration56_nua_channels.TestChannelPauseResume" name="test_pause_action_validation" time="0.053" /><testcase classname="backend.tests.test_iteration56_nua_channels.TestChannelPauseResume" name="test_cashier_cannot_pause" time="0.111" /></testsuite></testsuites>