<?xml version="1.0" encoding="utf-8"?><testsuites name="pytest tests"><testsuite name="pytest" errors="0" failures="0" skipped="0" tests="13" time="5.716" timestamp="2026-07-04T02:37:03.297051+00:00" hostname="agent-env-e6502ba9-2e49-44a4-a4cb-583dafa6383d"><testcase classname="backend.tests.test_iteration45_finalize.TestLocationsDefensiveRead" name="test_baseline_get_locations_200" time="0.532" /><testcase classname="backend.tests.test_iteration45_finalize.TestLocationsDefensiveRead" name="test_seed_a_social_present" time="0.108" /><testcase classname="backend.tests.test_iteration45_finalize.TestLocationsDefensiveRead" name="test_legacy_malformed_doc_does_not_crash" time="0.123" /><testcase classname="backend.tests.test_iteration45_finalize.TestLocationsDefensiveRead" name="test_legacy_timings_coerced_to_hours" time="0.109" /><testcase classname="backend.tests.test_iteration45_finalize.TestLocationCreateExtended" name="test_create_with_all_extended" time="0.327" /><testcase classname="backend.tests.test_iteration45_finalize.TestGMBSync" name="test_gmb_sync_with_place_id" time="0.369" /><testcase classname="backend.tests.test_iteration45_finalize.TestGMBSync" name="test_gmb_sync_without_place_id_400" time="0.322" /><testcase classname="backend.tests.test_iteration45_finalize.TestCustomerWallet" name="test_wallet_shape" time="0.207" /><testcase classname="backend.tests.test_iteration45_finalize.TestCustomerWallet" name="test_lookup_valid_token" time="0.270" /><testcase classname="backend.tests.test_iteration45_finalize.TestCustomerWallet" name="test_lookup_bad_token_400_or_401" time="0.109" /><testcase classname="backend.tests.test_iteration45_finalize.TestAutomationTriggers" name="test_full_crud" time="0.604" /><testcase classname="backend.tests.test_iteration45_finalize.TestAutomationTriggers" name="test_ai_suggest_returns_shape" time="2.370" /><testcase classname="backend.tests.test_iteration45_finalize.TestAutomationTriggers" name="test_ai_suggest_empty_prompt_400" time="0.138" /></testsuite></testsuites>