<?xml version="1.0" encoding="utf-8"?><testsuites name="pytest tests"><testsuite name="pytest" errors="0" failures="0" skipped="0" tests="11" time="8.452" timestamp="2026-07-09T14:15:51.738998+00:00" hostname="agent-env-e6502ba9-2e49-44a4-a4cb-583dafa6383d"><testcase classname="backend.tests.test_iteration50_regression.TestVoucherPartialChain" name="test_three_partials_and_dup_and_after_full" time="0.860" /><testcase classname="backend.tests.test_iteration50_regression.TestLegacyListEndpoints" name="test_transactions_list_200" time="0.123" /><testcase classname="backend.tests.test_iteration50_regression.TestLegacyListEndpoints" name="test_transactions_list_with_filters_200" time="0.108" /><testcase classname="backend.tests.test_iteration50_regression.TestLegacyListEndpoints" name="test_gift_cards_list_200" time="0.116" /><testcase classname="backend.tests.test_iteration50_regression.TestV29Regression" name="test_list_vouchers_still_ok" time="0.126" /><testcase classname="backend.tests.test_iteration50_regression.TestV29Regression" name="test_wallet_endpoint" time="0.123" /><testcase classname="backend.tests.test_iteration50_regression.TestV29Regression" name="test_loyalty_status" time="0.113" /><testcase classname="backend.tests.test_iteration50_regression.TestV29Regression" name="test_personalisation" time="0.110" /><testcase classname="backend.tests.test_iteration50_regression.TestV29Regression" name="test_promo_analytics" time="0.120" /><testcase classname="backend.tests.test_iteration50_regression.TestV29Regression" name="test_wallet_timeline" time="0.125" /><testcase classname="backend.tests.test_iteration50_regression.TestV29Regression" name="test_ai_promotion_goal" time="6.446" /></testsuite></testsuites>