<?xml version="1.0" encoding="utf-8"?><testsuites name="pytest tests"><testsuite name="pytest" errors="0" failures="0" skipped="0" tests="31" time="10.315" timestamp="2026-04-28T11:29:40.863547+00:00" hostname="agent-env-e6502ba9-2e49-44a4-a4cb-583dafa6383d"><testcase classname="backend.tests.test_iteration12_enterprise.TestAuth" name="test_owner_login" time="0.433" /><testcase classname="backend.tests.test_iteration12_enterprise.TestAuth" name="test_manager_login" time="0.340" /><testcase classname="backend.tests.test_iteration12_enterprise.TestAuth" name="test_cashier_login" time="0.333" /><testcase classname="backend.tests.test_iteration12_enterprise.TestPermissions" name="test_get_all_permissions_returns_26" time="0.117" /><testcase classname="backend.tests.test_iteration12_enterprise.TestPermissions" name="test_get_staff_permissions_owner" time="0.618" /><testcase classname="backend.tests.test_iteration12_enterprise.TestPermissions" name="test_set_staff_permissions_owner" time="0.107" /><testcase classname="backend.tests.test_iteration12_enterprise.TestPermissions" name="test_set_staff_permissions_manager_denied" time="0.525" /><testcase classname="backend.tests.test_iteration12_enterprise.TestPermissions" name="test_auth_me_returns_custom_permissions" time="0.444" /><testcase classname="backend.tests.test_iteration12_enterprise.TestSurcharging" name="test_get_surcharge_settings" time="0.144" /><testcase classname="backend.tests.test_iteration12_enterprise.TestSurcharging" name="test_save_surcharge_settings_owner" time="0.446" /><testcase classname="backend.tests.test_iteration12_enterprise.TestSurcharging" name="test_save_surcharge_settings_manager_denied" time="0.449" /><testcase classname="backend.tests.test_iteration12_enterprise.TestSurcharging" name="test_check_surcharge" time="0.106" /><testcase classname="backend.tests.test_iteration12_enterprise.TestLiveSales" name="test_live_sales_owner" time="0.458" /><testcase classname="backend.tests.test_iteration12_enterprise.TestLiveSales" name="test_live_sales_manager" time="0.454" /><testcase classname="backend.tests.test_iteration12_enterprise.TestLiveSales" name="test_live_sales_cashier_denied" time="0.494" /><testcase classname="backend.tests.test_iteration12_enterprise.TestReports" name="test_generate_itemised_report" time="0.451" /><testcase classname="backend.tests.test_iteration12_enterprise.TestReports" name="test_generate_category_report" time="0.117" /><testcase classname="backend.tests.test_iteration12_enterprise.TestReports" name="test_generate_detailed_report" time="0.114" /><testcase classname="backend.tests.test_iteration12_enterprise.TestReports" name="test_generate_report_manager" time="0.439" /><testcase classname="backend.tests.test_iteration12_enterprise.TestReports" name="test_generate_report_cashier_denied" time="0.452" /><testcase classname="backend.tests.test_iteration12_enterprise.TestUpsells" name="test_get_upsells" time="0.114" /><testcase classname="backend.tests.test_iteration12_enterprise.TestHardware" name="test_get_printers" time="0.109" /><testcase classname="backend.tests.test_iteration12_enterprise.TestHardware" name="test_add_printer_owner" time="0.551" /><testcase classname="backend.tests.test_iteration12_enterprise.TestHardware" name="test_add_printer_manager" time="0.561" /><testcase classname="backend.tests.test_iteration12_enterprise.TestHardware" name="test_get_scanners" time="0.107" /><testcase classname="backend.tests.test_iteration12_enterprise.TestHardware" name="test_add_scanner_owner" time="0.115" /><testcase classname="backend.tests.test_iteration12_enterprise.TestReportConfig" name="test_get_report_config_owner" time="0.460" /><testcase classname="backend.tests.test_iteration12_enterprise.TestReportConfig" name="test_save_report_config_owner" time="0.133" /><testcase classname="backend.tests.test_iteration12_enterprise.TestReportConfig" name="test_get_report_config_manager_denied" time="0.439" /><testcase classname="backend.tests.test_iteration12_enterprise.TestRBACEnforcement" name="test_cashier_denied_surcharge_save" time="0.446" /><testcase classname="backend.tests.test_iteration12_enterprise.TestRBACEnforcement" name="test_cashier_denied_permissions_set" time="0.135" /></testsuite></testsuites>