<?xml version="1.0" encoding="utf-8"?><testsuites name="pytest tests"><testsuite name="pytest" errors="0" failures="0" skipped="0" tests="10" time="2.022" timestamp="2026-06-18T03:18:49.569006+00:00" hostname="agent-env-e6502ba9-2e49-44a4-a4cb-583dafa6383d"><testcase classname="backend.tests.test_iteration33_items.TestBulkEdit" name="test_bulk_edit_price_percent_delta" time="0.725" /><testcase classname="backend.tests.test_iteration33_items.TestBulkEdit" name="test_bulk_edit_cost_gst_category" time="0.096" /><testcase classname="backend.tests.test_iteration33_items.TestBulkEdit" name="test_bulk_edit_unset_eightysixed" time="0.098" /><testcase classname="backend.tests.test_iteration33_items.TestBulkEdit" name="test_bulk_edit_invalid_ids_recorded" time="0.087" /><testcase classname="backend.tests.test_iteration33_items.TestBulkEdit" name="test_bulk_edit_empty_ids_rejected" time="0.042" /><testcase classname="backend.tests.test_iteration33_items.TestBulkEdit" name="test_bulk_modifier_add_remove_replace" time="0.289" /><testcase classname="backend.tests.test_iteration33_items.TestImageLibrary" name="test_upload_valid_image_and_list_and_delete" time="0.181" /><testcase classname="backend.tests.test_iteration33_items.TestImageLibrary" name="test_upload_rejects_non_data_url" time="0.048" /><testcase classname="backend.tests.test_iteration33_items.TestImageLibrary" name="test_upload_rejects_oversize" time="0.194" /><testcase classname="backend.tests.test_iteration33_items.TestImageLibrary" name="test_delete_nonexistent_image_404" time="0.198" /></testsuite></testsuites>