<?xml version="1.0" encoding="utf-8"?><testsuites name="pytest tests"><testsuite name="pytest" errors="0" failures="0" skipped="0" tests="25" time="4.787" timestamp="2026-04-06T12:30:38.555174+00:00" hostname="agent-env-e6502ba9-2e49-44a4-a4cb-583dafa6383d"><testcase classname="backend.tests.test_reservations_floorplan_waitlist.TestReservationsAPI" name="test_get_reservations" time="0.196" /><testcase classname="backend.tests.test_reservations_floorplan_waitlist.TestReservationsAPI" name="test_get_reservations_with_date_filter" time="0.151" /><testcase classname="backend.tests.test_reservations_floorplan_waitlist.TestReservationsAPI" name="test_get_reservations_with_status_filter" time="0.113" /><testcase classname="backend.tests.test_reservations_floorplan_waitlist.TestReservationsAPI" name="test_create_reservation" time="0.112" /><testcase classname="backend.tests.test_reservations_floorplan_waitlist.TestReservationsAPI" name="test_get_single_reservation" time="0.112" /><testcase classname="backend.tests.test_reservations_floorplan_waitlist.TestReservationsAPI" name="test_update_reservation" time="0.231" /><testcase classname="backend.tests.test_reservations_floorplan_waitlist.TestReservationsAPI" name="test_seat_reservation" time="0.275" /><testcase classname="backend.tests.test_reservations_floorplan_waitlist.TestReservationsAPI" name="test_complete_reservation" time="0.242" /><testcase classname="backend.tests.test_reservations_floorplan_waitlist.TestReservationsAPI" name="test_create_and_mark_no_show" time="0.524" /><testcase classname="backend.tests.test_reservations_floorplan_waitlist.TestReservationsAPI" name="test_auto_assign_table" time="0.313" /><testcase classname="backend.tests.test_reservations_floorplan_waitlist.TestReservationsAPI" name="test_delete_reservation" time="0.219" /><testcase classname="backend.tests.test_reservations_floorplan_waitlist.TestReservationsAPI" name="test_get_nonexistent_reservation" time="0.107" /><testcase classname="backend.tests.test_reservations_floorplan_waitlist.TestFloorPlansAPI" name="test_get_floor_plans" time="0.106" /><testcase classname="backend.tests.test_reservations_floorplan_waitlist.TestFloorPlansAPI" name="test_create_floor_plan" time="0.100" /><testcase classname="backend.tests.test_reservations_floorplan_waitlist.TestFloorPlansAPI" name="test_get_single_floor_plan" time="0.126" /><testcase classname="backend.tests.test_reservations_floorplan_waitlist.TestFloorPlansAPI" name="test_update_floor_plan" time="0.219" /><testcase classname="backend.tests.test_reservations_floorplan_waitlist.TestFloorPlansAPI" name="test_update_table_status" time="0.106" /><testcase classname="backend.tests.test_reservations_floorplan_waitlist.TestFloorPlansAPI" name="test_delete_floor_plan" time="0.213" /><testcase classname="backend.tests.test_reservations_floorplan_waitlist.TestWaitlistAPI" name="test_get_waitlist" time="0.104" /><testcase classname="backend.tests.test_reservations_floorplan_waitlist.TestWaitlistAPI" name="test_add_to_waitlist" time="0.106" /><testcase classname="backend.tests.test_reservations_floorplan_waitlist.TestWaitlistAPI" name="test_update_waitlist_entry" time="0.108" /><testcase classname="backend.tests.test_reservations_floorplan_waitlist.TestWaitlistAPI" name="test_seat_waitlist_guest" time="0.220" /><testcase classname="backend.tests.test_reservations_floorplan_waitlist.TestWaitlistAPI" name="test_remove_from_waitlist" time="0.112" /><testcase classname="backend.tests.test_reservations_floorplan_waitlist.TestWaitlistAPI" name="test_remove_nonexistent_entry" time="0.121" /><testcase classname="backend.tests.test_reservations_floorplan_waitlist.TestAPIRoot" name="test_api_root" time="0.411" /></testsuite></testsuites>