<?xml version="1.0" encoding="utf-8"?><testsuites name="pytest tests"><testsuite name="pytest" errors="0" failures="0" skipped="0" tests="10" time="1.706" timestamp="2026-06-14T08:11:55.809677+00:00" hostname="agent-env-e6502ba9-2e49-44a4-a4cb-583dafa6383d"><testcase classname="backend.tests.test_iteration27_seed_v25_p2" name="test_seed_catalog_first_run" time="0.436" /><testcase classname="backend.tests.test_iteration27_seed_v25_p2" name="test_seed_catalog_idempotent" time="0.062" /><testcase classname="backend.tests.test_iteration27_seed_v25_p2" name="test_categories_have_icon_color" time="0.045" /><testcase classname="backend.tests.test_iteration27_seed_v25_p2" name="test_products_per_category" time="0.072" /><testcase classname="backend.tests.test_iteration27_seed_v25_p2" name="test_create_category_with_icon_color" time="0.172" /><testcase classname="backend.tests.test_iteration27_seed_v25_p2" name="test_sync_queue_process_replays" time="0.222" /><testcase classname="backend.tests.test_iteration27_seed_v25_p2" name="test_toggle_86_returns_substitute" time="0.228" /><testcase classname="backend.tests.test_iteration27_seed_v25_p2" name="test_substitute_returns_ranked_reasons" time="0.091" /><testcase classname="backend.tests.test_iteration27_seed_v25_p2" name="test_kiosk_upsell_suggests_missing_categories" time="0.222" /><testcase classname="backend.tests.test_iteration27_seed_v25_p2" name="test_v26_gift_voucher_regression" time="0.090" /></testsuite></testsuites>