<?xml version="1.0" encoding="utf-8"?><testsuites name="pytest tests"><testsuite name="pytest" errors="0" failures="0" skipped="0" tests="17" time="12.944" timestamp="2026-05-04T13:33:50.612371+00:00" hostname="agent-env-e6502ba9-2e49-44a4-a4cb-583dafa6383d"><testcase classname="backend.tests.test_iteration17_roster.TestAuth" name="test_owner_login" time="0.423" /><testcase classname="backend.tests.test_iteration17_roster.TestAuth" name="test_manager_login" time="0.397" /><testcase classname="backend.tests.test_iteration17_roster.TestAuth" name="test_cashier_login" time="0.376" /><testcase classname="backend.tests.test_iteration17_roster.TestRosterCRUD" name="test_get_roster_owner" time="0.507" /><testcase classname="backend.tests.test_iteration17_roster.TestRosterCRUD" name="test_get_roster_manager" time="0.485" /><testcase classname="backend.tests.test_iteration17_roster.TestRosterCRUD" name="test_get_roster_cashier_denied" time="0.458" /><testcase classname="backend.tests.test_iteration17_roster.TestRosterCRUD" name="test_create_roster_shift_with_position" time="0.612" /><testcase classname="backend.tests.test_iteration17_roster.TestRosterCRUD" name="test_create_roster_shift_manager" time="1.218" /><testcase classname="backend.tests.test_iteration17_roster.TestRosterCRUD" name="test_create_roster_shift_cashier_denied" time="0.970" /><testcase classname="backend.tests.test_iteration17_roster.TestRosterCRUD" name="test_delete_roster_shift" time="0.674" /><testcase classname="backend.tests.test_iteration17_roster.TestRosterCRUD" name="test_delete_roster_shift_cashier_denied" time="1.256" /><testcase classname="backend.tests.test_iteration17_roster.TestWeekRosterCreation" name="test_create_multiple_shifts_for_week" time="1.284" /><testcase classname="backend.tests.test_iteration17_roster.TestPositionOptions" name="test_all_position_options" time="2.395" /><testcase classname="backend.tests.test_iteration17_roster.TestTimecardsCostVisibility" name="test_get_timecards_owner" time="0.451" /><testcase classname="backend.tests.test_iteration17_roster.TestTimecardsCostVisibility" name="test_get_timecards_cashier" time="0.460" /><testcase classname="backend.tests.test_iteration17_roster.TestStaffReports" name="test_get_staff_reports" time="0.454" /><testcase classname="backend.tests.test_iteration17_roster.TestCleanup" name="test_cleanup_test_shifts" time="0.446" /></testsuite></testsuites>