<?xml version="1.0" encoding="utf-8"?><testsuites name="pytest tests"><testsuite name="pytest" errors="0" failures="0" skipped="0" tests="11" time="9.373" timestamp="2026-06-15T08:54:06.077853+00:00" hostname="agent-env-e6502ba9-2e49-44a4-a4cb-583dafa6383d"><testcase classname="backend.tests.test_iteration29_online_orders.TestCategories" name="test_create_with_defaults" time="0.684" /><testcase classname="backend.tests.test_iteration29_online_orders.TestCategories" name="test_create_and_update_with_explicit" time="0.328" /><testcase classname="backend.tests.test_iteration29_online_orders.TestCategories" name="test_cleanup_legacy_preserves_canonical" time="0.348" /><testcase classname="backend.tests.test_iteration29_online_orders.TestOnlineStorefront" name="test_public_categories_filtered" time="0.100" /><testcase classname="backend.tests.test_iteration29_online_orders.TestOnlineStorefront" name="test_place_order_and_track" time="2.809" /><testcase classname="backend.tests.test_iteration29_online_orders.TestOnlineStorefront" name="test_delivery_requires_address" time="0.296" /><testcase classname="backend.tests.test_iteration29_online_orders.TestOwnerInbox" name="test_kitchen_load" time="0.101" /><testcase classname="backend.tests.test_iteration29_online_orders.TestOwnerInbox" name="test_advance_status_lifecycle" time="1.517" /><testcase classname="backend.tests.test_iteration29_online_orders.TestOwnerInbox" name="test_recompute_eta" time="1.001" /><testcase classname="backend.tests.test_iteration29_online_orders.TestInsights" name="test_insights" time="0.103" /><testcase classname="backend.tests.test_iteration29_online_orders.TestInvoiceOCR" name="test_parse_and_apply" time="1.897" /></testsuite></testsuites>