<?xml version="1.0" encoding="utf-8"?><testsuites name="pytest tests"><testsuite name="pytest" errors="0" failures="0" skipped="0" tests="9" time="2.654" timestamp="2026-05-05T04:44:19.987362+00:00" hostname="agent-env-e6502ba9-2e49-44a4-a4cb-583dafa6383d"><testcase classname="backend.tests.test_iteration19_items_roster.TestCategories" name="test_list_categories" time="0.604" /><testcase classname="backend.tests.test_iteration19_items_roster.TestCategories" name="test_create_update_delete_category" time="0.274" /><testcase classname="backend.tests.test_iteration19_items_roster.TestModifiers" name="test_list_modifiers" time="0.148" /><testcase classname="backend.tests.test_iteration19_items_roster.TestModifiers" name="test_create_update_delete_modifier" time="0.287" /><testcase classname="backend.tests.test_iteration19_items_roster.TestDiscounts" name="test_create_list_delete_discount" time="0.259" /><testcase classname="backend.tests.test_iteration19_items_roster.TestCompVoid" name="test_create_and_list_comp_void" time="0.171" /><testcase classname="backend.tests.test_iteration19_items_roster.TestPaymentLinks" name="test_create_list_delete_link" time="0.277" /><testcase classname="backend.tests.test_iteration19_items_roster.TestRosterPut" name="test_create_update_roster_shift" time="0.362" /><testcase classname="backend.tests.test_iteration19_items_roster.TestRosterPut" name="test_put_non_existent_shift_returns_404" time="0.214" /></testsuite></testsuites>