<?xml version="1.0" encoding="utf-8"?><testsuites name="pytest tests"><testsuite name="pytest" errors="0" failures="0" skipped="0" tests="21" time="4.607" timestamp="2026-04-08T13:58:58.162417+00:00" hostname="agent-env-e6502ba9-2e49-44a4-a4cb-583dafa6383d"><testcase classname="backend.tests.test_iteration6_features.TestTableSideOrdering" name="test_get_table_menu" time="0.191" /><testcase classname="backend.tests.test_iteration6_features.TestTableSideOrdering" name="test_place_table_order" time="0.126" /><testcase classname="backend.tests.test_iteration6_features.TestTableSideOrdering" name="test_get_table_orders" time="0.106" /><testcase classname="backend.tests.test_iteration6_features.TestTableSideOrdering" name="test_get_order_status" time="0.234" /><testcase classname="backend.tests.test_iteration6_features.TestTableSideOrdering" name="test_place_order_empty_items" time="0.109" /><testcase classname="backend.tests.test_iteration6_features.TestTableQRCodes" name="test_get_table_qr_codes" time="0.108" /><testcase classname="backend.tests.test_iteration6_features.TestIntegrationsHub" name="test_get_integrations" time="0.111" /><testcase classname="backend.tests.test_iteration6_features.TestIntegrationsHub" name="test_connect_integration" time="0.227" /><testcase classname="backend.tests.test_iteration6_features.TestIntegrationsHub" name="test_disconnect_integration" time="0.250" /><testcase classname="backend.tests.test_iteration6_features.TestIntegrationsHub" name="test_sync_integration" time="0.342" /><testcase classname="backend.tests.test_iteration6_features.TestIntegrationsHub" name="test_sync_disconnected_integration_fails" time="0.234" /><testcase classname="backend.tests.test_iteration6_features.TestIntegrationsHub" name="test_connect_without_api_key_fails" time="0.134" /><testcase classname="backend.tests.test_iteration6_features.TestStripeCheckout" name="test_create_stripe_checkout" time="0.739" /><testcase classname="backend.tests.test_iteration6_features.TestStripeCheckout" name="test_get_stripe_checkout_status" time="0.780" /><testcase classname="backend.tests.test_iteration6_features.TestStripeCheckout" name="test_create_stripe_checkout_invalid_amount" time="0.126" /><testcase classname="backend.tests.test_iteration6_features.TestRegressionChecks" name="test_api_root" time="0.105" /><testcase classname="backend.tests.test_iteration6_features.TestRegressionChecks" name="test_products_endpoint" time="0.123" /><testcase classname="backend.tests.test_iteration6_features.TestRegressionChecks" name="test_customers_endpoint" time="0.155" /><testcase classname="backend.tests.test_iteration6_features.TestRegressionChecks" name="test_reservations_endpoint" time="0.105" /><testcase classname="backend.tests.test_iteration6_features.TestRegressionChecks" name="test_kitchen_orders_endpoint" time="0.112" /><testcase classname="backend.tests.test_iteration6_features.TestRegressionChecks" name="test_floor_plans_endpoint" time="0.101" /></testsuite></testsuites>