<?xml version="1.0" encoding="utf-8"?><testsuites name="pytest tests"><testsuite name="pytest" errors="0" failures="1" skipped="0" tests="9" time="115.047" timestamp="2026-06-25T14:41:56.491289+00:00" hostname="agent-env-e6502ba9-2e49-44a4-a4cb-583dafa6383d"><testcase classname="backend.tests.test_iteration39_social_calendar" name="test_weekly_plan_anonymous_401" time="0.930" /><testcase classname="backend.tests.test_iteration39_social_calendar" name="test_weekly_plan_preview_does_not_persist" time="17.177"><failure message="AssertionError: preview must not persist posts&#10;assert 12 == 8">backend/tests/test_iteration39_social_calendar.py:51: in test_weekly_plan_preview_does_not_persist
    assert before == after, "preview must not persist posts"
E   AssertionError: preview must not persist posts
E   assert 12 == 8</failure></testcase><testcase classname="backend.tests.test_iteration39_social_calendar" name="test_weekly_plan_save_true_returns_scheduled_with_flags" time="31.065" /><testcase classname="backend.tests.test_iteration39_social_calendar" name="test_weekly_plan_idempotent_rerun" time="64.641" /><testcase classname="backend.tests.test_iteration39_social_calendar" name="test_patch_post_reschedule" time="0.292" /><testcase classname="backend.tests.test_iteration39_social_calendar" name="test_patch_post_invalid_status_400" time="0.274" /><testcase classname="backend.tests.test_iteration39_social_calendar" name="test_patch_post_anonymous_401" time="0.232" /><testcase classname="backend.tests.test_iteration39_social_calendar" name="test_patch_post_404" time="0.112" /><testcase classname="backend.tests.test_iteration39_social_calendar" name="test_weekly_plan_no_accounts_400" time="0.114" /></testsuite></testsuites>