<?xml version="1.0" encoding="utf-8"?><testsuites name="pytest tests"><testsuite name="pytest" errors="0" failures="0" skipped="0" tests="9" time="1.596" timestamp="2026-06-29T07:16:49.439403+00:00" hostname="agent-env-e6502ba9-2e49-44a4-a4cb-583dafa6383d"><testcase classname="backend.tests.test_iteration42_crm_subs" name="test_customers_list_200" time="0.448" /><testcase classname="backend.tests.test_iteration42_crm_subs" name="test_five_seeded_present" time="0.044" /><testcase classname="backend.tests.test_iteration42_crm_subs" name="test_olivia_profile_has_history" time="0.091" /><testcase classname="backend.tests.test_iteration42_crm_subs" name="test_member_patch_valid" time="0.190" /><testcase classname="backend.tests.test_iteration42_crm_subs" name="test_member_patch_bad_status_400" time="0.048" /><testcase classname="backend.tests.test_iteration42_crm_subs" name="test_member_patch_unknown_plan_404" time="0.045" /><testcase classname="backend.tests.test_iteration42_crm_subs" name="test_member_delete_owner_soft_cancels" time="0.099" /><testcase classname="backend.tests.test_iteration42_crm_subs" name="test_member_delete_manager_403" time="0.377" /><testcase classname="backend.tests.test_iteration42_crm_subs" name="test_v26_plan_patch_and_delete" time="0.188" /></testsuite></testsuites>