<?xml version="1.0" encoding="utf-8"?><testsuites name="pytest tests"><testsuite name="pytest" errors="0" failures="1" skipped="0" tests="33" time="36.009" timestamp="2026-06-26T08:54:05.399778+00:00" hostname="agent-env-e6502ba9-2e49-44a4-a4cb-583dafa6383d"><testcase classname="backend.tests.test_iteration40_background_plan" name="test_anonymous_refactored_endpoints_return_401[GET-/api/accounting/bas?fy=2026&amp;quarter=Q3-None]" time="0.363" /><testcase classname="backend.tests.test_iteration40_background_plan" name="test_anonymous_refactored_endpoints_return_401[GET-/api/accounting/bas.csv?fy=2026&amp;quarter=Q3-None]" time="0.043" /><testcase classname="backend.tests.test_iteration40_background_plan" name="test_anonymous_refactored_endpoints_return_401[POST-/api/agent/tick-body2]" time="0.043" /><testcase classname="backend.tests.test_iteration40_background_plan" name="test_anonymous_refactored_endpoints_return_401[POST-/api/agent/voice-command-body3]" time="0.082" /><testcase classname="backend.tests.test_iteration40_background_plan" name="test_anonymous_refactored_endpoints_return_401[POST-/api/agent/auto-publish-roster-body4]" time="0.041" /><testcase classname="backend.tests.test_iteration40_background_plan" name="test_anonymous_refactored_endpoints_return_401[POST-/api/agent/tick-extended-body5]" time="0.041" /><testcase classname="backend.tests.test_iteration40_background_plan" name="test_anonymous_refactored_endpoints_return_401[POST-/api/v25/products/some-id/86-body6]" time="0.044" /><testcase classname="backend.tests.test_iteration40_background_plan" name="test_anonymous_refactored_endpoints_return_401[POST-/api/v25/ash-pro/approve-body7]" time="0.047" /><testcase classname="backend.tests.test_iteration40_background_plan" name="test_anonymous_refactored_endpoints_return_401[POST-/api/v25/concierge-body8]" time="0.042" /><testcase classname="backend.tests.test_iteration40_background_plan" name="test_anonymous_refactored_endpoints_return_401[GET-/api/v25/warehouse/export-None]" time="0.042" /><testcase classname="backend.tests.test_iteration40_background_plan" name="test_anonymous_refactored_endpoints_return_401[POST-/api/license/abn/approve/abc-123-body10]" time="0.045" /><testcase classname="backend.tests.test_iteration40_background_plan" name="test_bas_report_shape" time="0.317"><failure message="AssertionError: BAS missing key G1; got ['period', 'windowStart', 'windowEnd', 'g1TotalSales', 'oneA_gstOnSales', 'g11TotalPurchases', 'oneB_gstCredits', 'netGstPayable', 'salesCount', 'purchasesCount', 'stockOnHandValue', 'stockReceivedInPeriod']&#10;assert 'G1' in {'g11TotalPurchases': 0, 'g1TotalSales': 0.0, 'netGstPayable': 0.0, 'oneA_gstOnSales': 0.0, ...}">backend/tests/test_iteration40_background_plan.py:83: in test_bas_report_shape
    assert k in data, f"BAS missing key {k}; got {list(data.keys())}"
E   AssertionError: BAS missing key G1; got ['period', 'windowStart', 'windowEnd', 'g1TotalSales', 'oneA_gstOnSales', 'g11TotalPurchases', 'oneB_gstCredits', 'netGstPayable', 'salesCount', 'purchasesCount', 'stockOnHandValue', 'stockReceivedInPeriod']
E   assert 'G1' in {'g11TotalPurchases': 0, 'g1TotalSales': 0.0, 'netGstPayable': 0.0, 'oneA_gstOnSales': 0.0, ...}</failure></testcase><testcase classname="backend.tests.test_iteration40_background_plan" name="test_bas_csv_ok" time="0.044" /><testcase classname="backend.tests.test_iteration40_background_plan" name="test_agent_tick" time="0.089" /><testcase classname="backend.tests.test_iteration40_background_plan" name="test_agent_voice_command" time="2.980" /><testcase classname="backend.tests.test_iteration40_background_plan" name="test_agent_auto_publish_roster" time="0.050" /><testcase classname="backend.tests.test_iteration40_background_plan" name="test_agent_tick_extended" time="0.046" /><testcase classname="backend.tests.test_iteration40_background_plan" name="test_v25_86_toggle" time="0.176" /><testcase classname="backend.tests.test_iteration40_background_plan" name="test_v25_concierge" time="2.057" /><testcase classname="backend.tests.test_iteration40_background_plan" name="test_v25_ash_approve" time="0.052" /><testcase classname="backend.tests.test_iteration40_background_plan" name="test_v25_warehouse_export" time="0.048" /><testcase classname="backend.tests.test_iteration40_background_plan" name="test_ai_weekly_plan_returns_queued_quickly" time="0.094" /><testcase classname="backend.tests.test_iteration40_background_plan" name="test_plan_job_polling" time="28.137" /><testcase classname="backend.tests.test_iteration40_background_plan" name="test_weekly_plan_no_matching_platforms_error" time="0.041" /><testcase classname="backend.tests.test_iteration40_background_plan" name="test_weekly_plan_no_connected_accounts_error" time="0.294" /><testcase classname="backend.tests.test_iteration40_background_plan" name="test_duplicate_post_default_is_draft" time="0.088" /><testcase classname="backend.tests.test_iteration40_background_plan" name="test_duplicate_post_anonymous_401" time="0.160" /><testcase classname="backend.tests.test_iteration40_background_plan" name="test_duplicate_post_missing_source_404" time="0.044" /><testcase classname="backend.tests.test_iteration40_background_plan" name="test_duplicate_scheduled_without_scheduledFor_400" time="0.042" /><testcase classname="backend.tests.test_iteration40_background_plan" name="test_patch_post_caption_hashtags_scheduledfor" time="0.043" /><testcase classname="backend.tests.test_iteration40_background_plan" name="test_patch_post_invalid_status_400" time="0.042" /><testcase classname="backend.tests.test_iteration40_background_plan" name="test_patch_post_anonymous_401" time="0.132" /><testcase classname="backend.tests.test_iteration40_background_plan" name="test_patch_post_missing_404" time="0.045" /></testsuite></testsuites>