<?xml version="1.0" encoding="utf-8"?><testsuites name="pytest tests"><testsuite name="pytest" errors="0" failures="0" skipped="0" tests="28" time="9.334" timestamp="2026-04-28T10:47:35.258695+00:00" hostname="agent-env-e6502ba9-2e49-44a4-a4cb-583dafa6383d"><testcase classname="backend.tests.test_iteration11_menu_features.TestAuth" name="test_owner_login" time="0.389" /><testcase classname="backend.tests.test_iteration11_menu_features.TestAuth" name="test_manager_login" time="0.451" /><testcase classname="backend.tests.test_iteration11_menu_features.TestAuth" name="test_cashier_login" time="0.472" /><testcase classname="backend.tests.test_iteration11_menu_features.TestAIMenuImport" name="test_ai_import_owner_access" time="3.021" /><testcase classname="backend.tests.test_iteration11_menu_features.TestAIMenuImport" name="test_ai_import_manager_access" time="1.317" /><testcase classname="backend.tests.test_iteration11_menu_features.TestAIMenuImport" name="test_ai_import_cashier_denied" time="0.472" /><testcase classname="backend.tests.test_iteration11_menu_features.TestBulkPriceAdjust" name="test_price_adjust_percentage_increase" time="0.450" /><testcase classname="backend.tests.test_iteration11_menu_features.TestBulkPriceAdjust" name="test_price_adjust_fixed_decrease" time="0.108" /><testcase classname="backend.tests.test_iteration11_menu_features.TestBulkPriceAdjust" name="test_price_adjust_all_categories" time="0.111" /><testcase classname="backend.tests.test_iteration11_menu_features.TestBulkPriceAdjust" name="test_price_adjust_manager_access" time="0.118" /><testcase classname="backend.tests.test_iteration11_menu_features.TestBulkPriceAdjust" name="test_price_adjust_cashier_denied" time="0.109" /><testcase classname="backend.tests.test_iteration11_menu_features.TestGhostDiscount" name="test_ghost_discount_owner_apply" time="0.216" /><testcase classname="backend.tests.test_iteration11_menu_features.TestGhostDiscount" name="test_ghost_discount_get_list_owner" time="0.118" /><testcase classname="backend.tests.test_iteration11_menu_features.TestGhostDiscount" name="test_ghost_discount_manager_denied" time="0.107" /><testcase classname="backend.tests.test_iteration11_menu_features.TestGhostDiscount" name="test_ghost_discount_cashier_denied" time="0.105" /><testcase classname="backend.tests.test_iteration11_menu_features.TestGhostDiscount" name="test_ghost_discounts_list_manager_denied" time="0.117" /><testcase classname="backend.tests.test_iteration11_menu_features.TestGhostDiscount" name="test_ghost_discounts_list_cashier_denied" time="0.104" /><testcase classname="backend.tests.test_iteration11_menu_features.TestGhostDiscount" name="test_ghost_discount_missing_transaction" time="0.129" /><testcase classname="backend.tests.test_iteration11_menu_features.TestGhostDiscount" name="test_ghost_discount_invalid_transaction" time="0.108" /><testcase classname="backend.tests.test_iteration11_menu_features.TestWhatIfAdvanced" name="test_whatif_with_projected_qty" time="0.104" /><testcase classname="backend.tests.test_iteration11_menu_features.TestWhatIfAdvanced" name="test_whatif_without_projected_qty" time="0.108" /><testcase classname="backend.tests.test_iteration11_menu_features.TestWhatIfAdvanced" name="test_whatif_multiple_products" time="0.224" /><testcase classname="backend.tests.test_iteration11_menu_features.TestWhatIfAdvanced" name="test_whatif_manager_access" time="0.138" /><testcase classname="backend.tests.test_iteration11_menu_features.TestWhatIfAdvanced" name="test_whatif_cashier_denied" time="0.114" /><testcase classname="backend.tests.test_iteration11_menu_features.TestMenuEngineeringPage" name="test_menu_engineering_data" time="0.108" /><testcase classname="backend.tests.test_iteration11_menu_features.TestRegressionEndpoints" name="test_products_endpoint" time="0.102" /><testcase classname="backend.tests.test_iteration11_menu_features.TestRegressionEndpoints" name="test_transactions_endpoint" time="0.104" /><testcase classname="backend.tests.test_iteration11_menu_features.TestRegressionEndpoints" name="test_customers_endpoint" time="0.212" /></testsuite></testsuites>