<?xml version="1.0" encoding="utf-8"?><testsuites name="pytest tests"><testsuite name="pytest" errors="0" failures="0" skipped="0" tests="42" time="25.970" timestamp="2026-04-13T07:29:14.051521+00:00" hostname="agent-env-e6502ba9-2e49-44a4-a4cb-583dafa6383d"><testcase classname="backend.tests.test_iteration9_bugfixes.TestAuth" name="test_owner_login" time="0.361" /><testcase classname="backend.tests.test_iteration9_bugfixes.TestAuth" name="test_manager_login" time="0.338" /><testcase classname="backend.tests.test_iteration9_bugfixes.TestAuth" name="test_cashier_login" time="0.339" /><testcase classname="backend.tests.test_iteration9_bugfixes.TestProductsCRUD" name="test_get_products" time="0.448" /><testcase classname="backend.tests.test_iteration9_bugfixes.TestProductsCRUD" name="test_create_product" time="0.115" /><testcase classname="backend.tests.test_iteration9_bugfixes.TestProductsCRUD" name="test_update_product" time="0.202" /><testcase classname="backend.tests.test_iteration9_bugfixes.TestProductsCRUD" name="test_delete_product" time="0.337" /><testcase classname="backend.tests.test_iteration9_bugfixes.TestPromotionsCRUD" name="test_get_promotions" time="0.103" /><testcase classname="backend.tests.test_iteration9_bugfixes.TestPromotionsCRUD" name="test_create_promotion" time="0.109" /><testcase classname="backend.tests.test_iteration9_bugfixes.TestPromotionsCRUD" name="test_update_promotion" time="0.228" /><testcase classname="backend.tests.test_iteration9_bugfixes.TestPromotionsCRUD" name="test_delete_promotion" time="0.206" /><testcase classname="backend.tests.test_iteration9_bugfixes.TestInventoryStockAdjustment" name="test_adjust_stock_positive" time="0.220" /><testcase classname="backend.tests.test_iteration9_bugfixes.TestInventoryStockAdjustment" name="test_adjust_stock_negative" time="0.214" /><testcase classname="backend.tests.test_iteration9_bugfixes.TestInventoryStockAdjustment" name="test_adjust_stock_below_zero_fails" time="0.217" /><testcase classname="backend.tests.test_iteration9_bugfixes.TestForecasting" name="test_demand_forecast" time="0.118" /><testcase classname="backend.tests.test_iteration9_bugfixes.TestForecasting" name="test_table_turns" time="0.103" /><testcase classname="backend.tests.test_iteration9_bugfixes.TestForecasting" name="test_smart_roster" time="0.112" /><testcase classname="backend.tests.test_iteration9_bugfixes.TestSettingsLocations" name="test_get_locations" time="0.104" /><testcase classname="backend.tests.test_iteration9_bugfixes.TestSettingsLocations" name="test_create_location" time="0.100" /><testcase classname="backend.tests.test_iteration9_bugfixes.TestSettingsLocations" name="test_update_location" time="0.206" /><testcase classname="backend.tests.test_iteration9_bugfixes.TestSettingsLocations" name="test_delete_location" time="0.211" /><testcase classname="backend.tests.test_iteration9_bugfixes.TestSettingsStaff" name="test_get_staff" time="0.109" /><testcase classname="backend.tests.test_iteration9_bugfixes.TestSettingsStaff" name="test_update_staff" time="0.206" /><testcase classname="backend.tests.test_iteration9_bugfixes.TestSettingsBusiness" name="test_get_business_settings" time="0.098" /><testcase classname="backend.tests.test_iteration9_bugfixes.TestSettingsBusiness" name="test_save_business_settings" time="0.211" /><testcase classname="backend.tests.test_iteration9_bugfixes.TestSettingsTrainingMode" name="test_get_training_mode" time="0.134" /><testcase classname="backend.tests.test_iteration9_bugfixes.TestSettingsTrainingMode" name="test_toggle_training_mode" time="0.310" /><testcase classname="backend.tests.test_iteration9_bugfixes.TestAccountingTransactions" name="test_get_transactions" time="0.105" /><testcase classname="backend.tests.test_iteration9_bugfixes.TestAccountingTransactions" name="test_get_transaction_detail" time="0.210" /><testcase classname="backend.tests.test_iteration9_bugfixes.TestAccountingTransactions" name="test_create_refund" time="0.212" /><testcase classname="backend.tests.test_iteration9_bugfixes.TestEndOfDayReports" name="test_eod_report_today" time="0.117" /><testcase classname="backend.tests.test_iteration9_bugfixes.TestEndOfDayReports" name="test_eod_report_week" time="0.104" /><testcase classname="backend.tests.test_iteration9_bugfixes.TestEndOfDayReports" name="test_eod_report_month" time="0.105" /><testcase classname="backend.tests.test_iteration9_bugfixes.TestEndOfDayReports" name="test_eod_report_quarter" time="0.106" /><testcase classname="backend.tests.test_iteration9_bugfixes.TestEndOfDayReports" name="test_eod_customer_analytics" time="0.109" /><testcase classname="backend.tests.test_iteration9_bugfixes.TestEndOfDayReports" name="test_eod_hourly_breakdown" time="0.105" /><testcase classname="backend.tests.test_iteration9_bugfixes.TestRBACRestrictions" name="test_cashier_denied_eod_report" time="0.444" /><testcase classname="backend.tests.test_iteration9_bugfixes.TestRBACRestrictions" name="test_cashier_denied_tips_summary" time="0.109" /><testcase classname="backend.tests.test_iteration9_bugfixes.TestRBACRestrictions" name="test_cashier_denied_training_mode_toggle" time="0.123" /><testcase classname="backend.tests.test_iteration9_bugfixes.TestCleanup" name="test_cleanup_test_products" time="6.641" /><testcase classname="backend.tests.test_iteration9_bugfixes.TestCleanup" name="test_cleanup_test_promotions" time="0.328" /><testcase classname="backend.tests.test_iteration9_bugfixes.TestCleanup" name="test_cleanup_test_locations" time="11.568" /></testsuite></testsuites>