<?xml version="1.0" encoding="utf-8"?><testsuites name="pytest tests"><testsuite name="pytest" errors="0" failures="0" skipped="0" tests="32" time="10.652" timestamp="2026-04-29T15:00:04.173909+00:00" hostname="agent-env-e6502ba9-2e49-44a4-a4cb-583dafa6383d"><testcase classname="backend.tests.test_iteration13_gamification.TestStaffLeaderboard" name="test_get_leaderboard_owner" time="0.577" /><testcase classname="backend.tests.test_iteration13_gamification.TestStaffLeaderboard" name="test_get_leaderboard_manager" time="0.544" /><testcase classname="backend.tests.test_iteration13_gamification.TestStaffLeaderboard" name="test_get_leaderboard_cashier" time="0.465" /><testcase classname="backend.tests.test_iteration13_gamification.TestStaffLeaderboard" name="test_leaderboard_sorted_by_score" time="0.166" /><testcase classname="backend.tests.test_iteration13_gamification.TestStaffLeaderboard" name="test_leaderboard_ranks_sequential" time="0.134" /><testcase classname="backend.tests.test_iteration13_gamification.TestSmartTipDistribution" name="test_smart_distribute_owner" time="0.138" /><testcase classname="backend.tests.test_iteration13_gamification.TestSmartTipDistribution" name="test_smart_distribute_manager_denied" time="0.123" /><testcase classname="backend.tests.test_iteration13_gamification.TestSmartTipDistribution" name="test_smart_distribute_cashier_denied" time="0.113" /><testcase classname="backend.tests.test_iteration13_gamification.TestQuarterlyReview" name="test_quarterly_review_owner" time="0.117" /><testcase classname="backend.tests.test_iteration13_gamification.TestQuarterlyReview" name="test_quarterly_review_manager" time="0.110" /><testcase classname="backend.tests.test_iteration13_gamification.TestQuarterlyReview" name="test_quarterly_review_cashier_denied" time="0.111" /><testcase classname="backend.tests.test_iteration13_gamification.TestQuarterlyReview" name="test_quarterly_review_top_sellers_structure" time="0.113" /><testcase classname="backend.tests.test_iteration13_gamification.TestQuarterlyReview" name="test_ai_alternatives_owner" time="4.605" /><testcase classname="backend.tests.test_iteration13_gamification.TestQuarterlyReview" name="test_ai_alternatives_manager_denied" time="0.205" /><testcase classname="backend.tests.test_iteration13_gamification.TestPrintRoutingConfig" name="test_get_print_routing_config" time="0.283" /><testcase classname="backend.tests.test_iteration13_gamification.TestPrintRoutingConfig" name="test_print_routing_categories" time="0.109" /><testcase classname="backend.tests.test_iteration13_gamification.TestPrintRoutingConfig" name="test_save_print_routing_owner" time="0.300" /><testcase classname="backend.tests.test_iteration13_gamification.TestPrintRoutingConfig" name="test_save_print_routing_manager" time="0.243" /><testcase classname="backend.tests.test_iteration13_gamification.TestPrintRoutingConfig" name="test_save_print_routing_cashier_denied" time="0.110" /><testcase classname="backend.tests.test_iteration13_gamification.TestPrintRoutingSend" name="test_send_to_printers_creates_jobs" time="0.142" /><testcase classname="backend.tests.test_iteration13_gamification.TestPrintRoutingSend" name="test_send_routes_beverages_to_bar" time="0.121" /><testcase classname="backend.tests.test_iteration13_gamification.TestPrintRoutingSend" name="test_send_routes_pizza_to_pizza_station" time="0.152" /><testcase classname="backend.tests.test_iteration13_gamification.TestPrintRoutingSend" name="test_send_routes_mains_to_kitchen" time="0.121" /><testcase classname="backend.tests.test_iteration13_gamification.TestPrintRoutingSend" name="test_send_mixed_order_creates_multiple_jobs" time="0.116" /><testcase classname="backend.tests.test_iteration13_gamification.TestPrintRoutingSend" name="test_print_job_structure" time="0.117" /><testcase classname="backend.tests.test_iteration13_gamification.TestPrintQueue" name="test_get_print_queue" time="0.142" /><testcase classname="backend.tests.test_iteration13_gamification.TestPrintQueue" name="test_get_print_queue_by_printer" time="0.154" /><testcase classname="backend.tests.test_iteration13_gamification.TestPrintQueue" name="test_complete_print_job" time="0.384" /><testcase classname="backend.tests.test_iteration13_gamification.TestRBACEnforcement" name="test_cashier_can_view_leaderboard" time="0.147" /><testcase classname="backend.tests.test_iteration13_gamification.TestRBACEnforcement" name="test_cashier_cannot_smart_distribute" time="0.121" /><testcase classname="backend.tests.test_iteration13_gamification.TestRBACEnforcement" name="test_cashier_cannot_view_quarterly_review" time="0.117" /><testcase classname="backend.tests.test_iteration13_gamification.TestRBACEnforcement" name="test_cashier_cannot_save_print_routing" time="0.143" /></testsuite></testsuites>