<?xml version="1.0" encoding="utf-8"?><testsuites name="pytest tests"><testsuite name="pytest" errors="0" failures="0" skipped="0" tests="16" time="7.870" timestamp="2026-06-19T12:55:17.299250+00:00" hostname="agent-env-e6502ba9-2e49-44a4-a4cb-583dafa6383d"><testcase classname="backend.tests.test_iteration34_features.TestBookingsInbox" name="test_ingest_phone_message_returns_parsed_and_summary" time="3.759" /><testcase classname="backend.tests.test_iteration34_features.TestBookingsInbox" name="test_convert_to_reservation" time="0.228" /><testcase classname="backend.tests.test_iteration34_features.TestBookingsInbox" name="test_dismiss_404_for_missing" time="0.104" /><testcase classname="backend.tests.test_iteration34_features.TestAwards" name="test_catalogue_has_4_au_awards" time="0.105" /><testcase classname="backend.tests.test_iteration34_features.TestAwards" name="test_catalogue_country_filter_nz_uk_us" time="0.340" /><testcase classname="backend.tests.test_iteration34_features.TestAwards" name="test_install_then_uninstall" time="0.631" /><testcase classname="backend.tests.test_iteration34_features.TestAwards" name="test_super_by_award" time="0.302" /><testcase classname="backend.tests.test_iteration34_features.TestIntegrationsHub" name="test_banks_au_and_payment_terminals_present" time="0.128" /><testcase classname="backend.tests.test_iteration34_features.TestBulkEditModes" name="test_fast_path_update_many" time="0.604" /><testcase classname="backend.tests.test_iteration34_features.TestBulkEditModes" name="test_per_row_with_price_percent_delta" time="0.287" /><testcase classname="backend.tests.test_iteration34_features.TestBulkEditModes" name="test_per_row_with_modifier_ops" time="0.188" /><testcase classname="backend.tests.test_iteration34_features.TestProductImagesAuth" name="test_post_without_auth_is_blocked" time="0.124" /><testcase classname="backend.tests.test_iteration34_features.TestProductImagesAuth" name="test_get_without_auth_is_blocked" time="0.161" /><testcase classname="backend.tests.test_iteration34_features.TestProductImagesAuth" name="test_cashier_cannot_post" time="0.459" /><testcase classname="backend.tests.test_iteration34_features.TestProductImagesAuth" name="test_cashier_can_list" time="0.110" /><testcase classname="backend.tests.test_iteration34_features.TestProductImagesAuth" name="test_owner_can_post_and_delete" time="0.248" /></testsuite></testsuites>