<?xml version="1.0" encoding="utf-8"?><testsuites name="pytest tests"><testsuite name="pytest" errors="0" failures="8" skipped="0" tests="30" time="14.943" timestamp="2026-05-04T11:23:32.923333+00:00" hostname="agent-env-e6502ba9-2e49-44a4-a4cb-583dafa6383d"><testcase classname="tests.test_iteration14_restructure.TestAuth" name="test_owner_login" time="0.512" /><testcase classname="tests.test_iteration14_restructure.TestAuth" name="test_manager_login" time="0.378" /><testcase classname="tests.test_iteration14_restructure.TestAuth" name="test_cashier_login" time="0.334" /><testcase classname="tests.test_iteration14_restructure.TestDashboardAPIs" name="test_live_sales_owner" time="0.486"><failure message="AssertionError: Expected 200, got 404: {&quot;detail&quot;:&quot;Not Found&quot;}&#10;assert 404 == 200&#10; +  where 404 = &lt;Response [404]&gt;.status_code">tests/test_iteration14_restructure.py:97: in test_live_sales_owner
    assert response.status_code == 200, f"Expected 200, got {response.status_code}: {response.text}"
E   AssertionError: Expected 200, got 404: {"detail":"Not Found"}
E   assert 404 == 200
E    +  where 404 = &lt;Response [404]&gt;.status_code</failure></testcase><testcase classname="tests.test_iteration14_restructure.TestDashboardAPIs" name="test_transactions_list" time="0.453" /><testcase classname="tests.test_iteration14_restructure.TestDashboardAPIs" name="test_transaction_detail" time="0.600" /><testcase classname="tests.test_iteration14_restructure.TestDashboardAPIs" name="test_kitchen_orders_for_active_tables" time="0.448" /><testcase classname="tests.test_iteration14_restructure.TestRefundAPI" name="test_create_refund_owner" time="0.655" /><testcase classname="tests.test_iteration14_restructure.TestGhostVoidAPI" name="test_ghost_discount_owner" time="0.547" /><testcase classname="tests.test_iteration14_restructure.TestGhostVoidAPI" name="test_ghost_discount_manager_denied" time="0.458" /><testcase classname="tests.test_iteration14_restructure.TestPreShiftAPI" name="test_preshift_today" time="0.486" /><testcase classname="tests.test_iteration14_restructure.TestPrintRoutingAPI" name="test_get_print_routing" time="0.480"><failure message="AssertionError: Expected 200, got 404: {&quot;detail&quot;:&quot;Not Found&quot;}&#10;assert 404 == 200&#10; +  where 404 = &lt;Response [404]&gt;.status_code">tests/test_iteration14_restructure.py:210: in test_get_print_routing
    assert response.status_code == 200, f"Expected 200, got {response.status_code}: {response.text}"
E   AssertionError: Expected 200, got 404: {"detail":"Not Found"}
E   assert 404 == 200
E    +  where 404 = &lt;Response [404]&gt;.status_code</failure></testcase><testcase classname="tests.test_iteration14_restructure.TestPrintRoutingAPI" name="test_save_print_routing_owner" time="1.091"><failure message="AssertionError: Expected 200/201, got 404: {&quot;detail&quot;:&quot;Not Found&quot;}&#10;assert 404 in [200, 201]&#10; +  where 404 = &lt;Response [404]&gt;.status_code">tests/test_iteration14_restructure.py:226: in test_save_print_routing_owner
    assert response.status_code in [200, 201], f"Expected 200/201, got {response.status_code}: {response.text}"
E   AssertionError: Expected 200/201, got 404: {"detail":"Not Found"}
E   assert 404 in [200, 201]
E    +  where 404 = &lt;Response [404]&gt;.status_code</failure></testcase><testcase classname="tests.test_iteration14_restructure.TestBusinessSettingsAPI" name="test_get_business_settings" time="0.443" /><testcase classname="tests.test_iteration14_restructure.TestBusinessSettingsAPI" name="test_save_business_hours" time="0.567" /><testcase classname="tests.test_iteration14_restructure.TestSidebarNavigationAPIs" name="test_reservations_api" time="0.446" /><testcase classname="tests.test_iteration14_restructure.TestSidebarNavigationAPIs" name="test_floor_plan_api" time="0.463"><failure message="AssertionError: Expected 200, got 404&#10;assert 404 == 200&#10; +  where 404 = &lt;Response [404]&gt;.status_code">tests/test_iteration14_restructure.py:277: in test_floor_plan_api
    assert response.status_code == 200, f"Expected 200, got {response.status_code}"
E   AssertionError: Expected 200, got 404
E   assert 404 == 200
E    +  where 404 = &lt;Response [404]&gt;.status_code</failure></testcase><testcase classname="tests.test_iteration14_restructure.TestSidebarNavigationAPIs" name="test_waitlist_api" time="0.479"><failure message="AssertionError: Expected 200, got 404&#10;assert 404 == 200&#10; +  where 404 = &lt;Response [404]&gt;.status_code">tests/test_iteration14_restructure.py:283: in test_waitlist_api
    assert response.status_code == 200, f"Expected 200, got {response.status_code}"
E   AssertionError: Expected 200, got 404
E   assert 404 == 200
E    +  where 404 = &lt;Response [404]&gt;.status_code</failure></testcase><testcase classname="tests.test_iteration14_restructure.TestSidebarNavigationAPIs" name="test_menu_engineering_api" time="0.448" /><testcase classname="tests.test_iteration14_restructure.TestSidebarNavigationAPIs" name="test_products_api" time="0.445" /><testcase classname="tests.test_iteration14_restructure.TestSidebarNavigationAPIs" name="test_inventory_api" time="0.453"><failure message="AssertionError: Expected 200, got 405&#10;assert 405 == 200&#10; +  where 405 = &lt;Response [405]&gt;.status_code">tests/test_iteration14_restructure.py:301: in test_inventory_api
    assert response.status_code == 200, f"Expected 200, got {response.status_code}"
E   AssertionError: Expected 200, got 405
E   assert 405 == 200
E    +  where 405 = &lt;Response [405]&gt;.status_code</failure></testcase><testcase classname="tests.test_iteration14_restructure.TestSidebarNavigationAPIs" name="test_forecasting_api" time="0.448"><failure message="AssertionError: Expected 200, got 404&#10;assert 404 == 200&#10; +  where 404 = &lt;Response [404]&gt;.status_code">tests/test_iteration14_restructure.py:307: in test_forecasting_api
    assert response.status_code == 200, f"Expected 200, got {response.status_code}"
E   AssertionError: Expected 200, got 404
E   assert 404 == 200
E    +  where 404 = &lt;Response [404]&gt;.status_code</failure></testcase><testcase classname="tests.test_iteration14_restructure.TestSidebarNavigationAPIs" name="test_staff_api" time="0.447" /><testcase classname="tests.test_iteration14_restructure.TestSidebarNavigationAPIs" name="test_leaderboard_api" time="0.464"><failure message="AssertionError: Expected 200, got 404&#10;assert 404 == 200&#10; +  where 404 = &lt;Response [404]&gt;.status_code">tests/test_iteration14_restructure.py:319: in test_leaderboard_api
    assert response.status_code == 200, f"Expected 200, got {response.status_code}"
E   AssertionError: Expected 200, got 404
E   assert 404 == 200
E    +  where 404 = &lt;Response [404]&gt;.status_code</failure></testcase><testcase classname="tests.test_iteration14_restructure.TestSidebarNavigationAPIs" name="test_customers_api" time="0.469" /><testcase classname="tests.test_iteration14_restructure.TestSidebarNavigationAPIs" name="test_loyalty_api" time="0.442" /><testcase classname="tests.test_iteration14_restructure.TestSidebarNavigationAPIs" name="test_accounting_transactions_api" time="0.461" /><testcase classname="tests.test_iteration14_restructure.TestSidebarNavigationAPIs" name="test_integrations_api" time="0.443" /><testcase classname="tests.test_iteration14_restructure.TestCashierRestrictions" name="test_cashier_auth_me_returns_permissions" time="0.445" /><testcase classname="tests.test_iteration14_restructure.TestCashierRestrictions" name="test_cashier_denied_accounting" time="0.445" /></testsuite></testsuites>