<?xml version="1.0" encoding="utf-8"?><testsuites name="pytest tests"><testsuite name="pytest" errors="0" failures="0" skipped="0" tests="34" time="8.639" timestamp="2026-06-01T10:41:26.501009+00:00" hostname="agent-env-e6502ba9-2e49-44a4-a4cb-583dafa6383d"><testcase classname="backend.tests.test_iteration23_v25_suite" name="test_v25_get_200[/v25/sites]" time="0.280" /><testcase classname="backend.tests.test_iteration23_v25_suite" name="test_v25_get_200[/v25/hardware]" time="0.044" /><testcase classname="backend.tests.test_iteration23_v25_suite" name="test_v25_get_200[/v25/exceptions]" time="0.045" /><testcase classname="backend.tests.test_iteration23_v25_suite" name="test_v25_get_200[/v25/station-readiness]" time="0.045" /><testcase classname="backend.tests.test_iteration23_v25_suite" name="test_v25_get_200[/v25/margin-guardrails]" time="0.045" /><testcase classname="backend.tests.test_iteration23_v25_suite" name="test_v25_get_200[/v25/profit-guardian]" time="0.046" /><testcase classname="backend.tests.test_iteration23_v25_suite" name="test_v25_get_200[/v25/digital-twin]" time="0.045" /><testcase classname="backend.tests.test_iteration23_v25_suite" name="test_v25_get_200[/v25/shift-manager]" time="0.045" /><testcase classname="backend.tests.test_iteration23_v25_suite" name="test_v25_get_200[/v25/subscriptions/plans]" time="0.044" /><testcase classname="backend.tests.test_iteration23_v25_suite" name="test_v25_get_200[/v25/gift-cards]" time="0.045" /><testcase classname="backend.tests.test_iteration23_v25_suite" name="test_v25_get_200[/v25/recipes/list]" time="0.044" /><testcase classname="backend.tests.test_iteration23_v25_suite" name="test_v25_get_200[/v25/waste]" time="0.044" /><testcase classname="backend.tests.test_iteration23_v25_suite" name="test_v25_get_200[/v25/waste/insights]" time="0.044" /><testcase classname="backend.tests.test_iteration23_v25_suite" name="test_v25_get_200[/v25/recovery/churn-risk]" time="0.044" /><testcase classname="backend.tests.test_iteration23_v25_suite" name="test_v25_get_200[/v25/reputation]" time="0.045" /><testcase classname="backend.tests.test_iteration23_v25_suite" name="test_v25_get_200[/v25/franchise/dashboard]" time="0.045" /><testcase classname="backend.tests.test_iteration23_v25_suite" name="test_v25_get_200[/v25/benchmark]" time="0.045" /><testcase classname="backend.tests.test_iteration23_v25_suite" name="test_v25_get_200[/v25/fraud-detection]" time="0.044" /><testcase classname="backend.tests.test_iteration23_v25_suite" name="test_v25_get_200[/v25/dynamic-pricing]" time="0.044" /><testcase classname="backend.tests.test_iteration23_v25_suite" name="test_v25_get_200[/v25/marketing/auto]" time="0.045" /><testcase classname="backend.tests.test_iteration23_v25_suite" name="test_v25_get_200[/v25/disputes]" time="0.045" /><testcase classname="backend.tests.test_iteration23_v25_suite" name="test_v25_get_200[/v25/kiosk/sessions]" time="0.044" /><testcase classname="backend.tests.test_iteration23_v25_suite" name="test_v25_get_200[/v25/ash-pro/plan]" time="0.046" /><testcase classname="backend.tests.test_iteration23_v25_suite" name="test_ash_pro_approve" time="0.112" /><testcase classname="backend.tests.test_iteration23_v25_suite" name="test_create_site_owner" time="0.090" /><testcase classname="backend.tests.test_iteration23_v25_suite" name="test_open_dispute" time="0.044" /><testcase classname="backend.tests.test_iteration23_v25_suite" name="test_gift_card_issue_and_redeem" time="0.089" /><testcase classname="backend.tests.test_iteration23_v25_suite" name="test_record_waste" time="0.045" /><testcase classname="backend.tests.test_iteration23_v25_suite" name="test_recipe_upsert" time="0.088" /><testcase classname="backend.tests.test_iteration23_v25_suite" name="test_predictive_orders" time="0.045" /><testcase classname="backend.tests.test_iteration23_v25_suite" name="test_concierge_llm" time="3.368" /><testcase classname="backend.tests.test_iteration23_v25_suite" name="test_marketing_auto" time="3.381" /><testcase classname="backend.tests.test_iteration23_v25_suite" name="test_recovery_winback" time="0.045" /><testcase classname="backend.tests.test_iteration23_v25_suite" name="test_unauth_sites_rejected" time="0.003" /></testsuite></testsuites>