<?xml version="1.0" encoding="utf-8"?><testsuites name="pytest tests"><testsuite name="pytest" errors="0" failures="0" skipped="0" tests="13" time="14.605" timestamp="2026-05-29T02:25:14.860425+00:00" hostname="agent-env-e6502ba9-2e49-44a4-a4cb-583dafa6383d"><testcase classname="backend.tests.test_phase_ef_wave2.TestDiagnosticRegression" name="test_reservations_returns_200" time="0.533" /><testcase classname="backend.tests.test_phase_ef_wave2.TestDiagnosticRegression" name="test_purchase_orders_returns_200" time="0.069" /><testcase classname="backend.tests.test_phase_ef_wave2.TestPhaseEWave2" name="test_upsell_empty_cart" time="0.048" /><testcase classname="backend.tests.test_phase_ef_wave2.TestPhaseEWave2" name="test_upsell_with_cart" time="5.790" /><testcase classname="backend.tests.test_phase_ef_wave2.TestPhaseEWave2" name="test_price_tune_get" time="0.054" /><testcase classname="backend.tests.test_phase_ef_wave2.TestPhaseEWave2" name="test_price_tune_apply" time="0.201" /><testcase classname="backend.tests.test_phase_ef_wave2.TestPhaseEWave2" name="test_overbooking_check" time="0.054" /><testcase classname="backend.tests.test_phase_ef_wave2.TestPhaseFWave2" name="test_cost_coach" time="0.051" /><testcase classname="backend.tests.test_phase_ef_wave2.TestPhaseFWave2" name="test_labor_forecast" time="0.054" /><testcase classname="backend.tests.test_phase_ef_wave2.TestPhaseFWave2" name="test_surge_recommendations" time="0.055" /><testcase classname="backend.tests.test_phase_ef_wave2.TestPhaseFWave2" name="test_surge_apply_and_active" time="0.114" /><testcase classname="backend.tests.test_phase_ef_wave2.TestPhaseFWave2" name="test_voice_recipe_text" time="7.407" /><testcase classname="backend.tests.test_phase_ef_wave2.TestPhaseFWave2" name="test_kitchen_load" time="0.052" /></testsuite></testsuites>