<?xml version="1.0" encoding="utf-8"?><testsuites name="pytest tests"><testsuite name="pytest" errors="0" failures="0" skipped="0" tests="6" time="1.484" timestamp="2026-06-14T08:18:57.566092+00:00" hostname="agent-env-e6502ba9-2e49-44a4-a4cb-583dafa6383d"><testcase classname="backend.tests.test_iteration28_retest" name="test_get_products_exposes_new_fields" time="0.507" /><testcase classname="backend.tests.test_iteration28_retest" name="test_86_toggle_reflects_in_products_list" time="0.303" /><testcase classname="backend.tests.test_iteration28_retest" name="test_substitute_with_reasons" time="0.093" /><testcase classname="backend.tests.test_iteration28_retest" name="test_sync_queue_process_replays" time="0.187" /><testcase classname="backend.tests.test_iteration28_retest" name="test_kiosk_upsell" time="0.236" /><testcase classname="backend.tests.test_iteration28_retest" name="test_v26_gift_voucher_create_activate_redeem" time="0.096" /></testsuite></testsuites>