<?xml version="1.0" encoding="utf-8"?><testsuites name="pytest tests"><testsuite name="pytest" errors="0" failures="0" skipped="0" tests="20" time="13.761" timestamp="2026-06-23T09:18:03.727239+00:00" hostname="agent-env-e6502ba9-2e49-44a4-a4cb-583dafa6383d"><testcase classname="backend.tests.test_iteration38_social_loyalty" name="test_platforms_anon_401" time="0.137" /><testcase classname="backend.tests.test_iteration38_social_loyalty" name="test_platforms_owner_returns_5" time="0.439" /><testcase classname="backend.tests.test_iteration38_social_loyalty" name="test_connect_account_anon_401" time="0.098" /><testcase classname="backend.tests.test_iteration38_social_loyalty" name="test_connect_account_cashier_403_before_422" time="0.427" /><testcase classname="backend.tests.test_iteration38_social_loyalty" name="test_connect_account_owner_success" time="0.427" /><testcase classname="backend.tests.test_iteration38_social_loyalty" name="test_connect_duplicate_409" time="0.110" /><testcase classname="backend.tests.test_iteration38_social_loyalty" name="test_connect_invalid_platform_400" time="0.102" /><testcase classname="backend.tests.test_iteration38_social_loyalty" name="test_list_accounts_includes_new" time="0.099" /><testcase classname="backend.tests.test_iteration38_social_loyalty" name="test_ai_generate_anon_401" time="0.098" /><testcase classname="backend.tests.test_iteration38_social_loyalty" name="test_ai_generate_special" time="5.845" /><testcase classname="backend.tests.test_iteration38_social_loyalty" name="test_ai_generate_product_requires_id" time="0.134" /><testcase classname="backend.tests.test_iteration38_social_loyalty" name="test_ai_generate_product_not_found" time="0.106" /><testcase classname="backend.tests.test_iteration38_social_loyalty" name="test_ai_generate_product_with_image" time="4.535" /><testcase classname="backend.tests.test_iteration38_social_loyalty" name="test_create_post_requires_connected_account" time="0.202" /><testcase classname="backend.tests.test_iteration38_social_loyalty" name="test_create_post_success" time="0.109" /><testcase classname="backend.tests.test_iteration38_social_loyalty" name="test_list_posts" time="0.131" /><testcase classname="backend.tests.test_iteration38_social_loyalty" name="test_publish_post" time="0.098" /><testcase classname="backend.tests.test_iteration38_social_loyalty" name="test_delete_post" time="0.219" /><testcase classname="backend.tests.test_iteration38_social_loyalty" name="test_disconnect_account" time="0.205" /><testcase classname="backend.tests.test_iteration38_social_loyalty" name="test_loyalty_config_minredeem_10" time="0.100" /></testsuite></testsuites>