<?xml version="1.0" encoding="utf-8"?><testsuites name="pytest tests"><testsuite name="pytest" errors="0" failures="0" skipped="0" tests="30" time="7.369" timestamp="2026-04-12T07:10:30.284917+00:00" hostname="agent-env-e6502ba9-2e49-44a4-a4cb-583dafa6383d"><testcase classname="tests.test_iteration8_endgame.TestAuth" name="test_owner_login_success" time="0.436" /><testcase classname="tests.test_iteration8_endgame.TestAuth" name="test_manager_login_success" time="0.339" /><testcase classname="tests.test_iteration8_endgame.TestAuth" name="test_cashier_login_success" time="0.338" /><testcase classname="tests.test_iteration8_endgame.TestAuth" name="test_invalid_credentials_rejected" time="0.101" /><testcase classname="tests.test_iteration8_endgame.TestTipManagement" name="test_add_tip_success" time="0.491" /><testcase classname="tests.test_iteration8_endgame.TestTipManagement" name="test_add_pooled_tip" time="0.135" /><testcase classname="tests.test_iteration8_endgame.TestTipManagement" name="test_get_tips_owner_access" time="0.140" /><testcase classname="tests.test_iteration8_endgame.TestTipManagement" name="test_get_tips_manager_access" time="0.469" /><testcase classname="tests.test_iteration8_endgame.TestTipManagement" name="test_get_tips_cashier_denied" time="0.455" /><testcase classname="tests.test_iteration8_endgame.TestTipManagement" name="test_get_tips_summary_owner_only" time="0.224" /><testcase classname="tests.test_iteration8_endgame.TestTipManagement" name="test_distribute_tip_pool_owner_only" time="0.217" /><testcase classname="tests.test_iteration8_endgame.TestTrainingMode" name="test_get_training_mode" time="0.110" /><testcase classname="tests.test_iteration8_endgame.TestTrainingMode" name="test_toggle_training_mode_owner" time="0.222" /><testcase classname="tests.test_iteration8_endgame.TestTrainingMode" name="test_toggle_training_mode_manager" time="0.218" /><testcase classname="tests.test_iteration8_endgame.TestTrainingMode" name="test_toggle_training_mode_cashier_denied" time="0.106" /><testcase classname="tests.test_iteration8_endgame.TestEndOfDayReports" name="test_get_eod_report_owner" time="0.105" /><testcase classname="tests.test_iteration8_endgame.TestEndOfDayReports" name="test_get_eod_report_manager" time="0.104" /><testcase classname="tests.test_iteration8_endgame.TestEndOfDayReports" name="test_get_eod_report_cashier_denied" time="0.113" /><testcase classname="tests.test_iteration8_endgame.TestEmailMarketing" name="test_create_campaign_owner" time="0.117" /><testcase classname="tests.test_iteration8_endgame.TestEmailMarketing" name="test_create_campaign_manager" time="0.110" /><testcase classname="tests.test_iteration8_endgame.TestEmailMarketing" name="test_create_campaign_cashier_denied" time="0.102" /><testcase classname="tests.test_iteration8_endgame.TestEmailMarketing" name="test_get_campaigns_owner" time="0.115" /><testcase classname="tests.test_iteration8_endgame.TestEmailMarketing" name="test_get_campaigns_cashier_denied" time="0.117" /><testcase classname="tests.test_iteration8_endgame.TestEmailMarketing" name="test_send_campaign" time="0.239" /><testcase classname="tests.test_iteration8_endgame.TestEmailMarketing" name="test_delete_campaign" time="0.317" /><testcase classname="tests.test_iteration8_endgame.TestRBACAccess" name="test_owner_has_full_access" time="1.031" /><testcase classname="tests.test_iteration8_endgame.TestRBACAccess" name="test_cashier_denied_advanced_features" time="0.435" /><testcase classname="tests.test_iteration8_endgame.TestRegression" name="test_api_root" time="0.108" /><testcase classname="tests.test_iteration8_endgame.TestRegression" name="test_products_endpoint" time="0.103" /><testcase classname="tests.test_iteration8_endgame.TestRegression" name="test_customers_endpoint" time="0.105" /></testsuite></testsuites>