<?xml version="1.0" encoding="utf-8"?><testsuites name="pytest tests"><testsuite name="pytest" errors="0" failures="1" skipped="0" tests="85" time="6.793" timestamp="2026-06-20T06:16:03.309728+00:00" hostname="agent-env-e6502ba9-2e49-44a4-a4cb-583dafa6383d"><testcase classname="backend.tests.test_iteration36_depends_refactor" name="test_anon_post_returns_401_not_422[/v25/sync-queue-body0]" time="0.197" /><testcase classname="backend.tests.test_iteration36_depends_refactor" name="test_anon_post_returns_401_not_422[/v25/sites-body1]" time="0.065" /><testcase classname="backend.tests.test_iteration36_depends_refactor" name="test_anon_post_returns_401_not_422[/v25/disputes-body2]" time="0.045" /><testcase classname="backend.tests.test_iteration36_depends_refactor" name="test_anon_post_returns_401_not_422[/v26/vouchers-body3]" time="0.046" /><testcase classname="backend.tests.test_iteration36_depends_refactor" name="test_anon_post_returns_401_not_422[/v26/gift-cards/sell-body4]" time="0.057" /><testcase classname="backend.tests.test_iteration36_depends_refactor" name="test_anon_post_returns_401_not_422[/v26/events-body5]" time="0.045" /><testcase classname="backend.tests.test_iteration36_depends_refactor" name="test_anon_post_returns_401_not_422[/ingredients-body6]" time="0.044" /><testcase classname="backend.tests.test_iteration36_depends_refactor" name="test_anon_post_returns_401_not_422[/stock-takes-body7]" time="0.057" /><testcase classname="backend.tests.test_iteration36_depends_refactor" name="test_anon_post_returns_401_not_422[/stock/deduct-recipe-body8]" time="0.051" /><testcase classname="backend.tests.test_iteration36_depends_refactor" name="test_anon_post_returns_401_not_422[/loyalty/earn-body9]" time="0.046" /><testcase classname="backend.tests.test_iteration36_depends_refactor" name="test_anon_post_returns_401_not_422[/loyalty/redeem-body10]" time="0.051"><failure message="AssertionError: POST /loyalty/redeem: expected 401 for anon (auth before body), got 422 — body: {&quot;detail&quot;:[{&quot;type&quot;:&quot;missing&quot;,&quot;loc&quot;:[&quot;query&quot;,&quot;customer_id&quot;],&quot;msg&quot;:&quot;Field required&quot;,&quot;input&quot;:null,&quot;url&quot;:&quot;https://errors.pydantic.dev/2.12/v/missing&quot;},{&quot;type&quot;:&quot;missing&quot;,&quot;loc&quot;:[&quot;query&quot;,&quot;reward_id&quot;],&quot;msg&quot;:&quot;&#10;assert 422 == 401&#10; +  where 422 = &lt;Response [422]&gt;.status_code">E   AssertionError: POST /loyalty/redeem: expected 401 for anon (auth before body), got 422 — body: {"detail":[{"type":"missing","loc":["query","customer_id"],"msg":"Field required","input":null,"url":"https://errors.pydantic.dev/2.12/v/missing"},{"type":"missing","loc":["query","reward_id"],"msg":"
    assert 422 == 401
     +  where 422 = &lt;Response [422]&gt;.status_code</failure></testcase><testcase classname="backend.tests.test_iteration36_depends_refactor" name="test_anon_post_returns_401_not_422[/agent/tick-body11]" time="0.067" /><testcase classname="backend.tests.test_iteration36_depends_refactor" name="test_anon_post_returns_401_not_422[/staff/clock-in-body12]" time="0.054" /><testcase classname="backend.tests.test_iteration36_depends_refactor" name="test_anon_post_returns_401_not_422[/staff/roster-body13]" time="0.061" /><testcase classname="backend.tests.test_iteration36_depends_refactor" name="test_anon_post_returns_401_not_422[/receipt/settings-body14]" time="0.061" /><testcase classname="backend.tests.test_iteration36_depends_refactor" name="test_anon_post_returns_401_not_422[/menu/ai-import-body15]" time="0.065" /><testcase classname="backend.tests.test_iteration36_depends_refactor" name="test_anon_post_returns_401_not_422[/menu/price-adjust-body16]" time="0.059" /><testcase classname="backend.tests.test_iteration36_depends_refactor" name="test_anon_post_returns_401_not_422[/pos/ghost-discount-body17]" time="0.048" /><testcase classname="backend.tests.test_iteration36_depends_refactor" name="test_anon_post_returns_401_not_422[/tips/smart-distribute-body18]" time="0.061" /><testcase classname="backend.tests.test_iteration36_depends_refactor" name="test_anon_post_returns_401_not_422[/print-routing/config-body19]" time="0.051" /><testcase classname="backend.tests.test_iteration36_depends_refactor" name="test_anon_post_returns_401_not_422[/business/create-body20]" time="0.075" /><testcase classname="backend.tests.test_iteration36_depends_refactor" name="test_anon_post_returns_401_not_422[/pos/tabs-body21]" time="0.054" /><testcase classname="backend.tests.test_iteration36_depends_refactor" name="test_anon_post_returns_401_not_422[/items/bulk-import-body22]" time="0.062" /><testcase classname="backend.tests.test_iteration36_depends_refactor" name="test_anon_post_returns_401_not_422[/pos/voice-order-body23]" time="0.059" /><testcase classname="backend.tests.test_iteration36_depends_refactor" name="test_anon_post_returns_401_not_422[/ai/ask-nua-body24]" time="0.051" /><testcase classname="backend.tests.test_iteration36_depends_refactor" name="test_owner_get_no_500[/v25/hardware]" time="1.345" /><testcase classname="backend.tests.test_iteration36_depends_refactor" name="test_owner_get_no_500[/v25/suppliers/compare]" time="0.057" /><testcase classname="backend.tests.test_iteration36_depends_refactor" name="test_owner_get_no_500[/v25/sites]" time="0.068" /><testcase classname="backend.tests.test_iteration36_depends_refactor" name="test_owner_get_no_500[/v25/disputes]" time="0.081" /><testcase classname="backend.tests.test_iteration36_depends_refactor" name="test_owner_get_no_500[/v25/exceptions]" time="0.052" /><testcase classname="backend.tests.test_iteration36_depends_refactor" name="test_owner_get_no_500[/v25/cfd/current]" time="0.053" /><testcase classname="backend.tests.test_iteration36_depends_refactor" name="test_owner_get_no_500[/v25/recovery/churn-risk]" time="0.067" /><testcase classname="backend.tests.test_iteration36_depends_refactor" name="test_owner_get_no_500[/v26/vouchers]" time="0.055" /><testcase classname="backend.tests.test_iteration36_depends_refactor" name="test_owner_get_no_500[/v26/promotions/active-now]" time="0.067" /><testcase classname="backend.tests.test_iteration36_depends_refactor" name="test_owner_get_no_500[/v26/gift-cards]" time="0.047" /><testcase classname="backend.tests.test_iteration36_depends_refactor" name="test_owner_get_no_500[/v26/events]" time="0.046" /><testcase classname="backend.tests.test_iteration36_depends_refactor" name="test_owner_get_no_500[/ingredients]" time="0.047" /><testcase classname="backend.tests.test_iteration36_depends_refactor" name="test_owner_get_no_500[/ingredients/low-stock]" time="0.084" /><testcase classname="backend.tests.test_iteration36_depends_refactor" name="test_owner_get_no_500[/recipes]" time="0.050" /><testcase classname="backend.tests.test_iteration36_depends_refactor" name="test_owner_get_no_500[/stock-takes]" time="0.044" /><testcase classname="backend.tests.test_iteration36_depends_refactor" name="test_owner_get_no_500[/loyalty/config]" time="0.052" /><testcase classname="backend.tests.test_iteration36_depends_refactor" name="test_owner_get_no_500[/agent/segments]" time="0.045" /><testcase classname="backend.tests.test_iteration36_depends_refactor" name="test_owner_get_no_500[/agent/decisions]" time="0.046" /><testcase classname="backend.tests.test_iteration36_depends_refactor" name="test_owner_get_no_500[/agent/voice-catalog]" time="0.054" /><testcase classname="backend.tests.test_iteration36_depends_refactor" name="test_owner_get_no_500[/staff/my-status]" time="0.048" /><testcase classname="backend.tests.test_iteration36_depends_refactor" name="test_owner_get_no_500[/staff/timecards]" time="0.050" /><testcase classname="backend.tests.test_iteration36_depends_refactor" name="test_owner_get_no_500[/staff/roster]" time="0.045" /><testcase classname="backend.tests.test_iteration36_depends_refactor" name="test_owner_get_no_500[/staff/reports]" time="0.049" /><testcase classname="backend.tests.test_iteration36_depends_refactor" name="test_owner_get_no_500[/payrun/calculate]" time="0.051" /><testcase classname="backend.tests.test_iteration36_depends_refactor" name="test_owner_get_no_500[/payrun/history]" time="0.056" /><testcase classname="backend.tests.test_iteration36_depends_refactor" name="test_owner_get_no_500[/receipt/settings]" time="0.054" /><testcase classname="backend.tests.test_iteration36_depends_refactor" name="test_owner_get_no_500[/online/categories]" time="0.066" /><testcase classname="backend.tests.test_iteration36_depends_refactor" name="test_owner_get_no_500[/online/products]" time="0.061" /><testcase classname="backend.tests.test_iteration36_depends_refactor" name="test_owner_get_no_500[/online/orders]" time="0.076" /><testcase classname="backend.tests.test_iteration36_depends_refactor" name="test_owner_get_no_500[/online/kitchen/load]" time="0.063" /><testcase classname="backend.tests.test_iteration36_depends_refactor" name="test_owner_get_no_500[/pos/ghost-discounts]" time="0.066" /><testcase classname="backend.tests.test_iteration36_depends_refactor" name="test_owner_get_no_500[/staff/leaderboard]" time="0.065" /><testcase classname="backend.tests.test_iteration36_depends_refactor" name="test_owner_get_no_500[/reports/quarterly-review]" time="0.061" /><testcase classname="backend.tests.test_iteration36_depends_refactor" name="test_owner_get_no_500[/print-routing/config]" time="0.050" /><testcase classname="backend.tests.test_iteration36_depends_refactor" name="test_owner_get_no_500[/print-routing/queue]" time="0.056" /><testcase classname="backend.tests.test_iteration36_depends_refactor" name="test_owner_get_no_500[/business/list]" time="0.054" /><testcase classname="backend.tests.test_iteration36_depends_refactor" name="test_owner_get_no_500[/dock/badges]" time="0.051" /><testcase classname="backend.tests.test_iteration36_depends_refactor" name="test_owner_get_no_500[/pos/tabs]" time="0.056" /><testcase classname="backend.tests.test_iteration36_depends_refactor" name="test_owner_get_no_500[/pos/favorites]" time="0.052" /><testcase classname="backend.tests.test_iteration36_depends_refactor" name="test_owner_get_no_500[/analytics/inventory-anomalies]" time="0.211" /><testcase classname="backend.tests.test_iteration36_depends_refactor" name="test_owner_get_no_500[/staff/shift-swaps]" time="0.053" /><testcase classname="backend.tests.test_iteration36_depends_refactor" name="test_owner_get_no_500[/analytics/booking-heatmap]" time="0.060" /><testcase classname="backend.tests.test_iteration36_depends_refactor" name="test_owner_get_no_500[/analytics/cohort-retention]" time="0.051" /><testcase classname="backend.tests.test_iteration36_depends_refactor.TestOwnerPostHappyPath" name="test_v25_sync_queue_post" time="0.047" /><testcase classname="backend.tests.test_iteration36_depends_refactor.TestOwnerPostHappyPath" name="test_v25_hardware_heartbeat_uses_device_secret" time="0.049" /><testcase classname="backend.tests.test_iteration36_depends_refactor.TestOwnerPostHappyPath" name="test_inventory_create_ingredient" time="0.060" /><testcase classname="backend.tests.test_iteration36_depends_refactor.TestOwnerPostHappyPath" name="test_staff_roster_post" time="0.055" /><testcase classname="backend.tests.test_iteration36_depends_refactor.TestOwnerPostHappyPath" name="test_v15_pos_tab_create" time="0.068" /><testcase classname="backend.tests.test_iteration36_depends_refactor.TestOwnerPostHappyPath" name="test_gamification_print_routing_config" time="0.061" /><testcase classname="backend.tests.test_iteration36_depends_refactor.TestOwnerPostHappyPath" name="test_multi_tenant_branch_create" time="0.050" /><testcase classname="backend.tests.test_iteration36_depends_refactor.TestOwnerPostHappyPath" name="test_v26_voucher_create" time="0.054" /><testcase classname="backend.tests.test_iteration36_depends_refactor.TestOwnerPostHappyPath" name="test_loyalty_engine_agent_tick" time="0.190" /><testcase classname="backend.tests.test_iteration36_depends_refactor.TestOwnerPostHappyPath" name="test_online_order_create" time="0.064" /><testcase classname="backend.tests.test_iteration36_depends_refactor.TestIteration35Regression" name="test_products_list" time="0.051" /><testcase classname="backend.tests.test_iteration36_depends_refactor.TestIteration35Regression" name="test_modifiers_list" time="0.045" /><testcase classname="backend.tests.test_iteration36_depends_refactor.TestIteration35Regression" name="test_categories_list" time="0.076" /><testcase classname="backend.tests.test_iteration36_depends_refactor.TestIteration35Regression" name="test_discounts_list" time="0.054" /><testcase classname="backend.tests.test_iteration36_depends_refactor.TestIteration35Regression" name="test_channel_menus_channels" time="0.048" /><testcase classname="backend.tests.test_iteration36_depends_refactor.TestIteration35Regression" name="test_anon_products_bulk_edit_401" time="0.046" /><testcase classname="backend.tests.test_iteration36_depends_refactor.TestIteration35Regression" name="test_anon_modifiers_401" time="0.046" /></testsuite></testsuites>