<?xml version="1.0" encoding="utf-8"?><testsuites name="pytest tests"><testsuite name="pytest" errors="0" failures="0" skipped="0" tests="26" time="12.773" timestamp="2026-05-04T12:00:44.854039+00:00" hostname="agent-env-e6502ba9-2e49-44a4-a4cb-583dafa6383d"><testcase classname="backend.tests.test_iteration15_reservation_expansion.TestAuth" name="test_owner_login" time="0.444" /><testcase classname="backend.tests.test_iteration15_reservation_expansion.TestAuth" name="test_manager_login" time="0.344" /><testcase classname="backend.tests.test_iteration15_reservation_expansion.TestAuth" name="test_cashier_login" time="0.340" /><testcase classname="backend.tests.test_iteration15_reservation_expansion.TestTableCombinations" name="test_get_table_combinations" time="0.461" /><testcase classname="backend.tests.test_iteration15_reservation_expansion.TestTableCombinations" name="test_create_table_combination_owner" time="0.551" /><testcase classname="backend.tests.test_iteration15_reservation_expansion.TestTableCombinations" name="test_create_table_combination_manager" time="0.442" /><testcase classname="backend.tests.test_iteration15_reservation_expansion.TestTableCombinations" name="test_create_table_combination_cashier_denied" time="0.443" /><testcase classname="backend.tests.test_iteration15_reservation_expansion.TestBookingRules" name="test_get_booking_rules" time="0.445" /><testcase classname="backend.tests.test_iteration15_reservation_expansion.TestBookingRules" name="test_save_booking_rules_owner" time="0.573" /><testcase classname="backend.tests.test_iteration15_reservation_expansion.TestBookingRules" name="test_save_booking_rules_manager_denied" time="0.537" /><testcase classname="backend.tests.test_iteration15_reservation_expansion.TestBookingRules" name="test_save_booking_rules_cashier_denied" time="0.475" /><testcase classname="backend.tests.test_iteration15_reservation_expansion.TestBookingSchedule" name="test_get_booking_schedule_default_shifts" time="0.461" /><testcase classname="backend.tests.test_iteration15_reservation_expansion.TestBookingSchedule" name="test_save_booking_schedule_owner" time="0.450" /><testcase classname="backend.tests.test_iteration15_reservation_expansion.TestBookingExperiences" name="test_get_experiences" time="0.437" /><testcase classname="backend.tests.test_iteration15_reservation_expansion.TestBookingExperiences" name="test_create_experience_owner" time="0.463" /><testcase classname="backend.tests.test_iteration15_reservation_expansion.TestBookingExperiences" name="test_create_experience_manager" time="0.442" /><testcase classname="backend.tests.test_iteration15_reservation_expansion.TestBookingExperiences" name="test_create_experience_cashier_denied" time="0.440" /><testcase classname="backend.tests.test_iteration15_reservation_expansion.TestClubmemberOffers" name="test_get_club_offers" time="0.468" /><testcase classname="backend.tests.test_iteration15_reservation_expansion.TestClubmemberOffers" name="test_create_club_offer_owner" time="0.447" /><testcase classname="backend.tests.test_iteration15_reservation_expansion.TestClubmemberOffers" name="test_create_club_offer_discount_validation_min" time="0.565" /><testcase classname="backend.tests.test_iteration15_reservation_expansion.TestClubmemberOffers" name="test_create_club_offer_discount_validation_max" time="0.450" /><testcase classname="backend.tests.test_iteration15_reservation_expansion.TestClubmemberOffers" name="test_create_club_offer_manager_denied" time="0.443" /><testcase classname="backend.tests.test_iteration15_reservation_expansion.TestClubmemberOffers" name="test_create_club_offer_cashier_denied" time="0.521" /><testcase classname="backend.tests.test_iteration15_reservation_expansion.TestClubmemberClaim" name="test_claim_club_offer" time="0.549" /><testcase classname="backend.tests.test_iteration15_reservation_expansion.TestClubmemberClaim" name="test_claim_nonexistent_offer" time="0.115" /><testcase classname="backend.tests.test_iteration15_reservation_expansion.TestCleanup" name="test_cleanup_test_data" time="1.331" /></testsuite></testsuites>