<?xml version="1.0" encoding="utf-8"?><testsuites name="pytest tests"><testsuite name="pytest" errors="0" failures="0" skipped="0" tests="25" time="5.320" timestamp="2026-04-06T12:42:39.092822+00:00" hostname="agent-env-e6502ba9-2e49-44a4-a4cb-583dafa6383d"><testcase classname="backend.tests.test_phase2_phase3.TestCustomerProfile" name="test_get_customers_list" time="0.205" /><testcase classname="backend.tests.test_phase2_phase3.TestCustomerProfile" name="test_get_customer_profile_full" time="0.274" /><testcase classname="backend.tests.test_phase2_phase3.TestCustomerProfile" name="test_get_customer_profile_not_found" time="0.113" /><testcase classname="backend.tests.test_phase2_phase3.TestCustomerProfile" name="test_create_customer" time="0.263" /><testcase classname="backend.tests.test_phase2_phase3.TestCustomerProfile" name="test_update_customer" time="0.232" /><testcase classname="backend.tests.test_phase2_phase3.TestCustomerProfile" name="test_search_customers" time="0.103" /><testcase classname="backend.tests.test_phase2_phase3.TestFeedbackAPI" name="test_get_all_feedback" time="0.112" /><testcase classname="backend.tests.test_phase2_phase3.TestFeedbackAPI" name="test_get_feedback_by_customer" time="0.225" /><testcase classname="backend.tests.test_phase2_phase3.TestFeedbackAPI" name="test_create_feedback" time="0.334" /><testcase classname="backend.tests.test_phase2_phase3.TestFeedbackAPI" name="test_respond_to_feedback" time="0.225" /><testcase classname="backend.tests.test_phase2_phase3.TestFeedbackAPI" name="test_respond_to_nonexistent_feedback" time="0.112" /><testcase classname="backend.tests.test_phase2_phase3.TestKitchenDisplayAPI" name="test_get_kitchen_orders" time="0.103" /><testcase classname="backend.tests.test_phase2_phase3.TestKitchenDisplayAPI" name="test_get_kitchen_orders_by_status" time="0.323" /><testcase classname="backend.tests.test_phase2_phase3.TestKitchenDisplayAPI" name="test_create_kitchen_order" time="0.119" /><testcase classname="backend.tests.test_phase2_phase3.TestKitchenDisplayAPI" name="test_kitchen_order_workflow_start" time="0.210" /><testcase classname="backend.tests.test_phase2_phase3.TestKitchenDisplayAPI" name="test_kitchen_order_workflow_ready" time="0.350" /><testcase classname="backend.tests.test_phase2_phase3.TestKitchenDisplayAPI" name="test_kitchen_order_workflow_served" time="0.471" /><testcase classname="backend.tests.test_phase2_phase3.TestKitchenDisplayAPI" name="test_kitchen_order_cancel" time="0.228" /><testcase classname="backend.tests.test_phase2_phase3.TestKitchenDisplayAPI" name="test_kitchen_order_priority_rush" time="0.297" /><testcase classname="backend.tests.test_phase2_phase3.TestKitchenDisplayAPI" name="test_kitchen_order_fire_course" time="0.318" /><testcase classname="backend.tests.test_phase2_phase3.TestKitchenDisplayAPI" name="test_kitchen_order_not_found" time="0.101" /><testcase classname="backend.tests.test_phase2_phase3.TestPhase1Regression" name="test_reservations_list" time="0.113" /><testcase classname="backend.tests.test_phase2_phase3.TestPhase1Regression" name="test_floor_plans_list" time="0.099" /><testcase classname="backend.tests.test_phase2_phase3.TestPhase1Regression" name="test_waitlist_list" time="0.105" /><testcase classname="backend.tests.test_phase2_phase3.TestPhase1Regression" name="test_api_root" time="0.139" /></testsuite></testsuites>