<?xml version="1.0" encoding="utf-8"?><testsuites name="pytest tests"><testsuite name="pytest" errors="0" failures="0" skipped="0" tests="19" time="2.540" timestamp="2026-04-06T12:55:44.016048+00:00" hostname="agent-env-e6502ba9-2e49-44a4-a4cb-583dafa6383d"><testcase classname="backend.tests.test_phase4_features.TestPreShiftDashboard" name="test_get_preshift_today" time="0.171" /><testcase classname="backend.tests.test_phase4_features.TestAICommandCenter" name="test_get_command_center" time="0.121" /><testcase classname="backend.tests.test_phase4_features.TestMenuEngineering" name="test_get_menu_engineering" time="0.125" /><testcase classname="backend.tests.test_phase4_features.TestAutomationRules" name="test_01_get_automation_rules" time="0.109" /><testcase classname="backend.tests.test_phase4_features.TestAutomationRules" name="test_02_create_automation_rule" time="0.102" /><testcase classname="backend.tests.test_phase4_features.TestAutomationRules" name="test_03_verify_rule_created" time="0.107" /><testcase classname="backend.tests.test_phase4_features.TestAutomationRules" name="test_04_toggle_automation_rule" time="0.233" /><testcase classname="backend.tests.test_phase4_features.TestAutomationRules" name="test_05_update_automation_rule" time="0.132" /><testcase classname="backend.tests.test_phase4_features.TestAutomationRules" name="test_06_delete_automation_rule" time="0.216" /><testcase classname="backend.tests.test_phase4_features.TestAutomationRules" name="test_07_toggle_nonexistent_rule" time="0.148" /><testcase classname="backend.tests.test_phase4_features.TestAutomationAlerts" name="test_get_automation_alerts" time="0.109" /><testcase classname="backend.tests.test_phase4_features.TestKitchenPrepList" name="test_get_prep_list" time="0.117" /><testcase classname="backend.tests.test_phase4_features.TestRegressionPhase1" name="test_reservations_api" time="0.112" /><testcase classname="backend.tests.test_phase4_features.TestRegressionPhase1" name="test_floor_plans_api" time="0.119" /><testcase classname="backend.tests.test_phase4_features.TestRegressionPhase1" name="test_waitlist_api" time="0.112" /><testcase classname="backend.tests.test_phase4_features.TestRegressionPhase2Phase3" name="test_customers_api" time="0.103" /><testcase classname="backend.tests.test_phase4_features.TestRegressionPhase2Phase3" name="test_feedback_api" time="0.095" /><testcase classname="backend.tests.test_phase4_features.TestRegressionPhase2Phase3" name="test_kitchen_orders_api" time="0.107" /><testcase classname="backend.tests.test_phase4_features.TestSidebarNavigation" name="test_all_routes_accessible" time="0.110" /></testsuite></testsuites>