<?xml version="1.0" encoding="utf-8"?><testsuites name="pytest tests"><testsuite name="pytest" errors="0" failures="0" skipped="0" tests="19" time="1.936" timestamp="2026-06-01T13:19:31.700490+00:00" hostname="agent-env-e6502ba9-2e49-44a4-a4cb-583dafa6383d"><testcase classname="backend.tests.test_iteration24_licensing" name="test_license_me_returns_data" time="0.436" /><testcase classname="backend.tests.test_iteration24_licensing" name="test_onboard_rejects_bad_checksum" time="0.054" /><testcase classname="backend.tests.test_iteration24_licensing" name="test_onboard_with_dev_skip_succeeds" time="0.052" /><testcase classname="backend.tests.test_iteration24_licensing" name="test_onboard_duplicate_returns_409" time="0.055" /><testcase classname="backend.tests.test_iteration24_licensing" name="test_onboard_without_dev_skip_requires_abr_guid" time="0.049" /><testcase classname="backend.tests.test_iteration24_licensing" name="test_validate_issues_token" time="0.051" /><testcase classname="backend.tests.test_iteration24_licensing" name="test_device_activate_idempotent" time="0.112" /><testcase classname="backend.tests.test_iteration24_licensing" name="test_validate_rejects_unknown_device" time="0.060" /><testcase classname="backend.tests.test_iteration24_licensing" name="test_suspended_blocks_transactions" time="0.104" /><testcase classname="backend.tests.test_iteration24_licensing" name="test_suspended_still_allows_license_me_and_warehouse_export" time="0.113" /><testcase classname="backend.tests.test_iteration24_licensing" name="test_grace_blocks_publish_but_allows_reads" time="0.104" /><testcase classname="backend.tests.test_iteration24_licensing" name="test_abn_review_blocks_new_transactions" time="0.099" /><testcase classname="backend.tests.test_iteration24_licensing" name="test_active_restores_everything" time="0.099" /><testcase classname="backend.tests.test_iteration24_licensing" name="test_abn_change_request_moves_to_review" time="0.052" /><testcase classname="backend.tests.test_iteration24_licensing" name="test_abn_approve_without_override_is_forbidden" time="0.057" /><testcase classname="backend.tests.test_iteration24_licensing" name="test_2fa_required_for_change_request" time="0.053" /><testcase classname="backend.tests.test_iteration24_licensing" name="test_audit_log_returns_rows" time="0.050" /><testcase classname="backend.tests.test_iteration24_licensing" name="test_stripe_webhook_no_customer_match_returns_received" time="0.129" /><testcase classname="backend.tests.test_iteration24_licensing" name="test_final_state_restored" time="0.151" /></testsuite></testsuites>