<?xml version="1.0" encoding="utf-8"?><testsuites name="pytest tests"><testsuite name="pytest" errors="0" failures="1" skipped="0" tests="19" time="11.491" timestamp="2026-05-04T13:52:26.079735+00:00" hostname="agent-env-e6502ba9-2e49-44a4-a4cb-583dafa6383d"><testcase classname="backend.tests.test_iteration18_staff_changes.TestAuth" name="test_owner_login" time="0.459" /><testcase classname="backend.tests.test_iteration18_staff_changes.TestAuth" name="test_manager_login" time="0.336"><failure message="AssertionError: assert 'cashier' == 'manager'&#10;  &#10;  - manager&#10;  + cashier">backend/tests/test_iteration18_staff_changes.py:39: in test_manager_login
    assert data["user"]["role"] == "manager"
E   AssertionError: assert 'cashier' == 'manager'
E     
E     - manager
E     + cashier</failure></testcase><testcase classname="backend.tests.test_iteration18_staff_changes.TestAuth" name="test_cashier_login" time="0.335" /><testcase classname="backend.tests.test_iteration18_staff_changes.TestStaffAddWithNameOnly" name="test_add_staff_with_name_only" time="0.579" /><testcase classname="backend.tests.test_iteration18_staff_changes.TestStaffAddWithNameOnly" name="test_add_staff_with_name_and_pin" time="0.647" /><testcase classname="backend.tests.test_iteration18_staff_changes.TestStaffAddWithNameOnly" name="test_add_staff_with_optional_email_password" time="0.800" /><testcase classname="backend.tests.test_iteration18_staff_changes.TestStaffAddWithNameOnly" name="test_add_staff_name_required" time="0.442" /><testcase classname="backend.tests.test_iteration18_staff_changes.TestSalaryType" name="test_add_staff_with_hourly_salary" time="0.588" /><testcase classname="backend.tests.test_iteration18_staff_changes.TestSalaryType" name="test_add_staff_with_daily_salary" time="0.618" /><testcase classname="backend.tests.test_iteration18_staff_changes.TestSalaryType" name="test_add_staff_with_annually_salary" time="0.583" /><testcase classname="backend.tests.test_iteration18_staff_changes.TestSalaryType" name="test_update_staff_salary_type" time="0.713" /><testcase classname="backend.tests.test_iteration18_staff_changes.TestCustomRoles" name="test_get_roles" time="0.434" /><testcase classname="backend.tests.test_iteration18_staff_changes.TestCustomRoles" name="test_save_custom_roles_owner" time="0.711" /><testcase classname="backend.tests.test_iteration18_staff_changes.TestCustomRoles" name="test_save_custom_roles_manager_denied" time="0.448" /><testcase classname="backend.tests.test_iteration18_staff_changes.TestCustomRoles" name="test_add_staff_with_custom_role" time="0.784" /><testcase classname="backend.tests.test_iteration18_staff_changes.TestRosterWeekView" name="test_create_shift_with_day_name" time="0.694" /><testcase classname="backend.tests.test_iteration18_staff_changes.TestRosterWeekView" name="test_get_roster_grouped_by_day" time="0.471" /><testcase classname="backend.tests.test_iteration18_staff_changes.TestRosterWeekView" name="test_create_week_roster_multiple_days" time="1.179" /><testcase classname="backend.tests.test_iteration18_staff_changes.TestStaffListPayRateColumn" name="test_staff_list_includes_salary_type" time="0.553" /></testsuite></testsuites>