<?xml version="1.0" encoding="utf-8"?><testsuites name="pytest tests"><testsuite name="pytest" errors="0" failures="0" skipped="0" tests="30" time="14.915" timestamp="2026-05-04T13:15:42.941113+00:00" hostname="agent-env-e6502ba9-2e49-44a4-a4cb-583dafa6383d"><testcase classname="backend.tests.test_iteration16_loyalty_analytics.TestAuth" name="test_owner_login" time="0.385" /><testcase classname="backend.tests.test_iteration16_loyalty_analytics.TestAuth" name="test_manager_login" time="0.391" /><testcase classname="backend.tests.test_iteration16_loyalty_analytics.TestAuth" name="test_cashier_login" time="0.347" /><testcase classname="backend.tests.test_iteration16_loyalty_analytics.TestLoyaltyTiers" name="test_get_loyalty_tiers" time="0.457" /><testcase classname="backend.tests.test_iteration16_loyalty_analytics.TestLoyaltyTiers" name="test_update_loyalty_tier_owner" time="0.776" /><testcase classname="backend.tests.test_iteration16_loyalty_analytics.TestLoyaltyTiers" name="test_update_nonexistent_tier" time="0.466" /><testcase classname="backend.tests.test_iteration16_loyalty_analytics.TestLoyaltyRewards" name="test_get_loyalty_rewards" time="0.491" /><testcase classname="backend.tests.test_iteration16_loyalty_analytics.TestLoyaltyRewards" name="test_create_reward_with_dates" time="0.562" /><testcase classname="backend.tests.test_iteration16_loyalty_analytics.TestLoyaltyRewards" name="test_update_reward_with_dates" time="0.680" /><testcase classname="backend.tests.test_iteration16_loyalty_analytics.TestLoyaltyRewards" name="test_delete_reward" time="0.598" /><testcase classname="backend.tests.test_iteration16_loyalty_analytics.TestEvents" name="test_get_events" time="0.524" /><testcase classname="backend.tests.test_iteration16_loyalty_analytics.TestEvents" name="test_create_event" time="0.437" /><testcase classname="backend.tests.test_iteration16_loyalty_analytics.TestEvents" name="test_update_event" time="0.565" /><testcase classname="backend.tests.test_iteration16_loyalty_analytics.TestBookingAnalytics" name="test_get_booking_analytics_owner" time="0.447" /><testcase classname="backend.tests.test_iteration16_loyalty_analytics.TestBookingAnalytics" name="test_get_booking_analytics_manager" time="0.462" /><testcase classname="backend.tests.test_iteration16_loyalty_analytics.TestBookingAnalytics" name="test_get_booking_analytics_cashier_denied" time="0.448" /><testcase classname="backend.tests.test_iteration16_loyalty_analytics.TestSocialAccounts" name="test_get_social_accounts_owner" time="0.477" /><testcase classname="backend.tests.test_iteration16_loyalty_analytics.TestSocialAccounts" name="test_get_social_accounts_manager_denied" time="0.455" /><testcase classname="backend.tests.test_iteration16_loyalty_analytics.TestSocialAccounts" name="test_add_social_account_owner" time="0.641" /><testcase classname="backend.tests.test_iteration16_loyalty_analytics.TestSocialAccounts" name="test_remove_social_account_owner" time="0.597" /><testcase classname="backend.tests.test_iteration16_loyalty_analytics.TestSocialAccounts" name="test_add_social_account_cashier_denied" time="0.450" /><testcase classname="backend.tests.test_iteration16_loyalty_analytics.TestEmailFeatures" name="test_send_test_email_owner" time="0.434" /><testcase classname="backend.tests.test_iteration16_loyalty_analytics.TestEmailFeatures" name="test_send_test_email_manager" time="0.458" /><testcase classname="backend.tests.test_iteration16_loyalty_analytics.TestEmailFeatures" name="test_send_test_email_cashier_denied" time="0.443" /><testcase classname="backend.tests.test_iteration16_loyalty_analytics.TestEmailFeatures" name="test_get_email_settings_owner" time="0.490" /><testcase classname="backend.tests.test_iteration16_loyalty_analytics.TestEmailFeatures" name="test_get_email_settings_manager_denied" time="0.577" /><testcase classname="backend.tests.test_iteration16_loyalty_analytics.TestEmailFeatures" name="test_save_email_settings_owner" time="0.441" /><testcase classname="backend.tests.test_iteration16_loyalty_analytics.TestCashierRestrictions" name="test_cashier_cannot_access_booking_analytics" time="0.455" /><testcase classname="backend.tests.test_iteration16_loyalty_analytics.TestCashierRestrictions" name="test_cashier_cannot_access_social_accounts" time="0.435" /><testcase classname="backend.tests.test_iteration16_loyalty_analytics.TestCashierRestrictions" name="test_cashier_cannot_send_test_email" time="0.447" /></testsuite></testsuites>