<?xml version="1.0" encoding="utf-8"?><testsuites name="pytest tests"><testsuite name="pytest" errors="0" failures="0" skipped="0" tests="4" time="1.575" timestamp="2026-06-17T15:38:09.802755+00:00" hostname="agent-env-e6502ba9-2e49-44a4-a4cb-583dafa6383d"><testcase classname="backend.tests.test_iteration32_modifiers" name="test_modifiers_endpoint_returns_list" time="0.274" /><testcase classname="backend.tests.test_iteration32_modifiers" name="test_flat_white_has_modifier_ids" time="0.122" /><testcase classname="backend.tests.test_iteration32_modifiers" name="test_create_transaction_persists_modifiers" time="0.855" /><testcase classname="backend.tests.test_iteration32_modifiers" name="test_create_transaction_without_modifiers_still_works" time="0.275" /></testsuite></testsuites>