<?xml version="1.0" encoding="utf-8"?><testsuites name="pytest tests"><testsuite name="pytest" errors="0" failures="0" skipped="0" tests="30" time="31.587" timestamp="2026-04-12T06:38:03.273193+00:00" hostname="agent-env-e6502ba9-2e49-44a4-a4cb-583dafa6383d"><testcase classname="tests.test_iteration7_auth_rbac.TestAuthLogin" name="test_owner_login_success" time="0.482" /><testcase classname="tests.test_iteration7_auth_rbac.TestAuthLogin" name="test_manager_login_success" time="0.337" /><testcase classname="tests.test_iteration7_auth_rbac.TestAuthLogin" name="test_cashier_login_success" time="0.369" /><testcase classname="tests.test_iteration7_auth_rbac.TestAuthLogin" name="test_kitchen_login_success" time="0.346" /><testcase classname="tests.test_iteration7_auth_rbac.TestAuthLogin" name="test_invalid_credentials_rejected" time="0.125" /><testcase classname="tests.test_iteration7_auth_rbac.TestAuthMe" name="test_owner_me_returns_all_permissions" time="0.546" /><testcase classname="tests.test_iteration7_auth_rbac.TestAuthMe" name="test_cashier_me_returns_limited_permissions" time="0.431" /><testcase classname="tests.test_iteration7_auth_rbac.TestAuthMe" name="test_kitchen_me_returns_kitchen_permissions" time="0.435" /><testcase classname="tests.test_iteration7_auth_rbac.TestAuthMe" name="test_me_without_token_returns_401" time="0.103" /><testcase classname="tests.test_iteration7_auth_rbac.TestStaffManagement" name="test_owner_can_get_staff_with_payrate" time="0.452" /><testcase classname="tests.test_iteration7_auth_rbac.TestStaffManagement" name="test_manager_can_get_staff_without_payrate" time="0.437" /><testcase classname="tests.test_iteration7_auth_rbac.TestStaffManagement" name="test_cashier_cannot_access_staff" time="0.504" /><testcase classname="tests.test_iteration7_auth_rbac.TestLaborCostReport" name="test_owner_can_access_labor_cost_report" time="0.507" /><testcase classname="tests.test_iteration7_auth_rbac.TestLaborCostReport" name="test_cashier_cannot_access_labor_cost_report" time="0.476" /><testcase classname="tests.test_iteration7_auth_rbac.TestLaborCostReport" name="test_manager_cannot_access_labor_cost_report" time="0.440" /><testcase classname="tests.test_iteration7_auth_rbac.TestMemberPortal" name="test_member_signup_creates_account_with_bonus" time="0.345" /><testcase classname="tests.test_iteration7_auth_rbac.TestMemberPortal" name="test_member_login_works" time="0.668" /><testcase classname="tests.test_iteration7_auth_rbac.TestMemberPortal" name="test_member_duplicate_email_rejected" time="0.457" /><testcase classname="tests.test_iteration7_auth_rbac.TestVouchers" name="test_create_voucher" time="0.118" /><testcase classname="tests.test_iteration7_auth_rbac.TestVouchers" name="test_get_all_vouchers" time="0.107" /><testcase classname="tests.test_iteration7_auth_rbac.TestMultiBusiness" name="test_owner_can_create_business" time="0.460" /><testcase classname="tests.test_iteration7_auth_rbac.TestMultiBusiness" name="test_owner_can_list_businesses" time="0.438" /><testcase classname="tests.test_iteration7_auth_rbac.TestMultiBusiness" name="test_cashier_cannot_create_business" time="0.454" /><testcase classname="tests.test_iteration7_auth_rbac.TestAIPantry" name="test_owner_can_access_pantry_history" time="0.453" /><testcase classname="tests.test_iteration7_auth_rbac.TestAIPantry" name="test_cashier_cannot_access_pantry" time="0.466" /><testcase classname="tests.test_iteration7_auth_rbac.TestAIPantry" name="test_ai_pantry_generate_endpoint_exists" time="21.004" /><testcase classname="tests.test_iteration7_auth_rbac.TestRegressionChecks" name="test_api_root" time="0.147" /><testcase classname="tests.test_iteration7_auth_rbac.TestRegressionChecks" name="test_products_endpoint" time="0.118" /><testcase classname="tests.test_iteration7_auth_rbac.TestRegressionChecks" name="test_customers_endpoint" time="0.106" /><testcase classname="tests.test_iteration7_auth_rbac.TestRegressionChecks" name="test_reservations_endpoint" time="0.111" /></testsuite></testsuites>