<?xml version="1.0" encoding="utf-8"?><testsuites name="pytest tests"><testsuite name="pytest" errors="0" failures="0" skipped="0" tests="19" time="11.814" timestamp="2026-06-01T23:28:11.924585+00:00" hostname="agent-env-e6502ba9-2e49-44a4-a4cb-583dafa6383d"><testcase classname="backend.tests.test_iteration25_v26_gift_marketing.TestGiftCardLifecycle" name="test_01_create_gift_voucher_mints_pending_card" time="0.426" /><testcase classname="backend.tests.test_iteration25_v26_gift_marketing.TestGiftCardLifecycle" name="test_02_lookup_card_by_code_returns_pending" time="0.049" /><testcase classname="backend.tests.test_iteration25_v26_gift_marketing.TestGiftCardLifecycle" name="test_03_redeem_fails_while_pending" time="0.055" /><testcase classname="backend.tests.test_iteration25_v26_gift_marketing.TestGiftCardLifecycle" name="test_04_activate_transitions_to_active_and_writes_ledger" time="0.058" /><testcase classname="backend.tests.test_iteration25_v26_gift_marketing.TestGiftCardLifecycle" name="test_05_activate_is_idempotent" time="0.049" /><testcase classname="backend.tests.test_iteration25_v26_gift_marketing.TestGiftCardLifecycle" name="test_06_partial_redeem_decrements_balance" time="0.049" /><testcase classname="backend.tests.test_iteration25_v26_gift_marketing.TestGiftCardLifecycle" name="test_07_second_partial_redeem" time="0.052" /><testcase classname="backend.tests.test_iteration25_v26_gift_marketing.TestGiftCardLifecycle" name="test_08_insufficient_balance_returns_400" time="0.081" /><testcase classname="backend.tests.test_iteration25_v26_gift_marketing.TestGiftCardLifecycle" name="test_09_ledger_in_time_order" time="0.052" /><testcase classname="backend.tests.test_iteration25_v26_gift_marketing.TestGiftCardLifecycle" name="test_10_list_includes_card_and_status_filter" time="0.123" /><testcase classname="backend.tests.test_iteration25_v26_gift_marketing.TestGiftCardSellCounter" name="test_sell_counter_card_is_active_with_ledger" time="0.105" /><testcase classname="backend.tests.test_iteration25_v26_gift_marketing.TestMarketingEmail" name="test_01_generate_draft" time="10.060" /><testcase classname="backend.tests.test_iteration25_v26_gift_marketing.TestMarketingEmail" name="test_02_list_drafts_contains_new" time="0.063" /><testcase classname="backend.tests.test_iteration25_v26_gift_marketing.TestMarketingEmail" name="test_03_patch_updates_field" time="0.103" /><testcase classname="backend.tests.test_iteration25_v26_gift_marketing.TestMarketingEmail" name="test_04_delete_owner_only" time="0.114" /><testcase classname="backend.tests.test_iteration25_v26_gift_marketing.TestAutoRosterBlackouts" name="test_01_pick_a_staff_and_set_blackout" time="0.102" /><testcase classname="backend.tests.test_iteration25_v26_gift_marketing.TestAutoRosterBlackouts" name="test_02_auto_roster_excludes_blackout_days" time="0.054" /><testcase classname="backend.tests.test_iteration25_v26_gift_marketing.TestAutoRosterBlackouts" name="test_99_teardown_clear_blackout" time="0.051" /><testcase classname="backend.tests.test_iteration25_v26_gift_marketing.TestCFD" name="test_push_then_enriched" time="0.107" /></testsuite></testsuites>