<?xml version="1.0" encoding="utf-8"?><testsuites name="pytest tests"><testsuite name="pytest" errors="0" failures="0" skipped="0" tests="16" time="5.813" timestamp="2026-06-16T08:03:46.515182+00:00" hostname="agent-env-e6502ba9-2e49-44a4-a4cb-583dafa6383d"><testcase classname="backend.tests.test_iteration30_inventory_accounting" name="test_create_ingredient_g" time="0.242" /><testcase classname="backend.tests.test_iteration30_inventory_accounting" name="test_create_ingredient_ml" time="0.004" /><testcase classname="backend.tests.test_iteration30_inventory_accounting" name="test_reject_invalid_base_unit" time="0.004" /><testcase classname="backend.tests.test_iteration30_inventory_accounting" name="test_update_ingredient" time="0.004" /><testcase classname="backend.tests.test_iteration30_inventory_accounting" name="test_low_stock_filter" time="0.010" /><testcase classname="backend.tests.test_iteration30_inventory_accounting" name="test_recipe_kg_to_g_conversion_and_cost" time="0.012" /><testcase classname="backend.tests.test_iteration30_inventory_accounting" name="test_recipe_rejects_incompatible_conversion" time="0.004" /><testcase classname="backend.tests.test_iteration30_inventory_accounting" name="test_pos_sale_deducts_ingredient_stock" time="0.024" /><testcase classname="backend.tests.test_iteration30_inventory_accounting" name="test_invoice_assign_stock_wma" time="0.091" /><testcase classname="backend.tests.test_iteration30_inventory_accounting" name="test_stock_take_variance" time="0.009" /><testcase classname="backend.tests.test_iteration30_inventory_accounting" name="test_bas_report_window" time="0.010" /><testcase classname="backend.tests.test_iteration30_inventory_accounting" name="test_bas_csv_download" time="0.010" /><testcase classname="backend.tests.test_iteration30_inventory_accounting" name="test_online_order_notify_no_keys" time="2.879" /><testcase classname="backend.tests.test_iteration30_inventory_accounting" name="test_online_status_update_notify_no_keys" time="2.419" /><testcase classname="backend.tests.test_iteration30_inventory_accounting" name="test_delete_blocks_when_in_recipe" time="0.004" /><testcase classname="backend.tests.test_iteration30_inventory_accounting" name="test_zzz_cleanup" time="0.010" /></testsuite></testsuites>