<?xml version="1.0" encoding="utf-8"?><testsuites name="pytest tests"><testsuite name="pytest" errors="0" failures="0" skipped="0" tests="42" time="6.359" timestamp="2026-04-07T15:12:11.234540+00:00" hostname="agent-env-e6502ba9-2e49-44a4-a4cb-583dafa6383d"><testcase classname="backend.tests.test_p0_p3_features.TestLoyaltyTiers" name="test_get_loyalty_tiers" time="0.258" /><testcase classname="backend.tests.test_p0_p3_features.TestLoyaltyRewards" name="test_get_loyalty_rewards" time="0.167" /><testcase classname="backend.tests.test_p0_p3_features.TestLoyaltyRewards" name="test_create_and_delete_reward" time="0.596" /><testcase classname="backend.tests.test_p0_p3_features.TestEvents" name="test_get_events" time="0.127" /><testcase classname="backend.tests.test_p0_p3_features.TestEvents" name="test_create_event" time="0.147" /><testcase classname="backend.tests.test_p0_p3_features.TestEvents" name="test_book_event_ticket" time="0.223" /><testcase classname="backend.tests.test_p0_p3_features.TestDemandForecast" name="test_get_demand_forecast" time="0.122" /><testcase classname="backend.tests.test_p0_p3_features.TestTableTurns" name="test_get_table_turns" time="0.148" /><testcase classname="backend.tests.test_p0_p3_features.TestSmartRoster" name="test_get_smart_roster" time="0.144" /><testcase classname="backend.tests.test_p0_p3_features.TestWhatIfSimulator" name="test_what_if_simulation" time="0.238" /><testcase classname="backend.tests.test_p0_p3_features.TestWhatIfSimulator" name="test_what_if_multiple_products" time="0.228" /><testcase classname="backend.tests.test_p0_p3_features.TestPredictiveCustomerMatching" name="test_predict_customer_empty_items" time="0.106" /><testcase classname="backend.tests.test_p0_p3_features.TestPredictiveCustomerMatching" name="test_predict_customer_with_items" time="0.216" /><testcase classname="backend.tests.test_p0_p3_features.TestQRMenuData" name="test_get_qr_menu_data" time="0.101" /><testcase classname="backend.tests.test_p0_p3_features.TestSidebarNavigation" name="test_api_endpoint_accessible[/api/-200]" time="0.111" /><testcase classname="backend.tests.test_p0_p3_features.TestSidebarNavigation" name="test_api_endpoint_accessible[/api/products-200]" time="0.127" /><testcase classname="backend.tests.test_p0_p3_features.TestSidebarNavigation" name="test_api_endpoint_accessible[/api/customers-200]" time="0.131" /><testcase classname="backend.tests.test_p0_p3_features.TestSidebarNavigation" name="test_api_endpoint_accessible[/api/transactions-200]" time="0.119" /><testcase classname="backend.tests.test_p0_p3_features.TestSidebarNavigation" name="test_api_endpoint_accessible[/api/reservations-200]" time="0.128" /><testcase classname="backend.tests.test_p0_p3_features.TestSidebarNavigation" name="test_api_endpoint_accessible[/api/floor-plans-200]" time="0.112" /><testcase classname="backend.tests.test_p0_p3_features.TestSidebarNavigation" name="test_api_endpoint_accessible[/api/waitlist-200]" time="0.117" /><testcase classname="backend.tests.test_p0_p3_features.TestSidebarNavigation" name="test_api_endpoint_accessible[/api/kitchen/orders-200]" time="0.120" /><testcase classname="backend.tests.test_p0_p3_features.TestSidebarNavigation" name="test_api_endpoint_accessible[/api/pre-shift/today-200]" time="0.128" /><testcase classname="backend.tests.test_p0_p3_features.TestSidebarNavigation" name="test_api_endpoint_accessible[/api/analytics/command-center-200]" time="0.114" /><testcase classname="backend.tests.test_p0_p3_features.TestSidebarNavigation" name="test_api_endpoint_accessible[/api/analytics/menu-engineering-200]" time="0.118" /><testcase classname="backend.tests.test_p0_p3_features.TestSidebarNavigation" name="test_api_endpoint_accessible[/api/automation/rules-200]" time="0.118" /><testcase classname="backend.tests.test_p0_p3_features.TestSidebarNavigation" name="test_api_endpoint_accessible[/api/loyalty/rewards-200]" time="0.111" /><testcase classname="backend.tests.test_p0_p3_features.TestSidebarNavigation" name="test_api_endpoint_accessible[/api/loyalty/tiers-200]" time="0.101" /><testcase classname="backend.tests.test_p0_p3_features.TestSidebarNavigation" name="test_api_endpoint_accessible[/api/events-200]" time="0.118" /><testcase classname="backend.tests.test_p0_p3_features.TestSidebarNavigation" name="test_api_endpoint_accessible[/api/analytics/demand-forecast-200]" time="0.133" /><testcase classname="backend.tests.test_p0_p3_features.TestSidebarNavigation" name="test_api_endpoint_accessible[/api/analytics/table-turns-200]" time="0.114" /><testcase classname="backend.tests.test_p0_p3_features.TestSidebarNavigation" name="test_api_endpoint_accessible[/api/staff/smart-roster-200]" time="0.112" /><testcase classname="backend.tests.test_p0_p3_features.TestSidebarNavigation" name="test_api_endpoint_accessible[/api/menu/qr-data-200]" time="0.107" /><testcase classname="backend.tests.test_p0_p3_features.TestRegressionPhase1to3" name="test_pre_shift_dashboard" time="0.133" /><testcase classname="backend.tests.test_p0_p3_features.TestRegressionPhase1to3" name="test_command_center" time="0.160" /><testcase classname="backend.tests.test_p0_p3_features.TestRegressionPhase1to3" name="test_menu_engineering" time="0.109" /><testcase classname="backend.tests.test_p0_p3_features.TestRegressionPhase1to3" name="test_automation_rules" time="0.108" /><testcase classname="backend.tests.test_p0_p3_features.TestRegressionPhase1to3" name="test_reservations" time="0.137" /><testcase classname="backend.tests.test_p0_p3_features.TestRegressionPhase1to3" name="test_floor_plans" time="0.122" /><testcase classname="backend.tests.test_p0_p3_features.TestRegressionPhase1to3" name="test_waitlist" time="0.113" /><testcase classname="backend.tests.test_p0_p3_features.TestRegressionPhase1to3" name="test_kitchen_orders" time="0.119" /><testcase classname="backend.tests.test_p0_p3_features.TestRegressionPhase1to3" name="test_customers_crm" time="0.122" /></testsuite></testsuites>