<?xml version="1.0" encoding="utf-8"?><testsuites name="pytest tests"><testsuite name="pytest" errors="0" failures="0" skipped="0" tests="7" time="1.528" timestamp="2026-06-17T13:10:37.823240+00:00" hostname="agent-env-e6502ba9-2e49-44a4-a4cb-583dafa6383d"><testcase classname="backend.tests.test_iteration31_products_nua" name="test_owner_login" time="0.453" /><testcase classname="backend.tests.test_iteration31_products_nua" name="test_categories_endpoint" time="0.478" /><testcase classname="backend.tests.test_iteration31_products_nua" name="test_modifiers_endpoint" time="0.048" /><testcase classname="backend.tests.test_iteration31_products_nua" name="test_existing_products_load" time="0.058" /><testcase classname="backend.tests.test_iteration31_products_nua" name="test_get_after_create_persists_fields" time="0.198" /><testcase classname="backend.tests.test_iteration31_products_nua" name="test_update_modifier_ids" time="0.145" /><testcase classname="backend.tests.test_iteration31_products_nua" name="test_empty_modifier_ids_allowed" time="0.097" /></testsuite></testsuites>